mode: set
github.com/certainty3452/dbtether/pkg/postgres/client.go:72.36,76.2 1 0
github.com/certainty3452/dbtether/pkg/postgres/client.go:78.108,83.8 4 0
github.com/certainty3452/dbtether/pkg/postgres/client.go:83.8,84.42 1 0
github.com/certainty3452/dbtether/pkg/postgres/client.go:84.42,86.4 1 0
github.com/certainty3452/dbtether/pkg/postgres/client.go:87.3,87.24 1 0
github.com/certainty3452/dbtether/pkg/postgres/client.go:90.2,91.16 2 0
github.com/certainty3452/dbtether/pkg/postgres/client.go:91.16,93.3 1 0
github.com/certainty3452/dbtether/pkg/postgres/client.go:95.2,99.20 4 0
github.com/certainty3452/dbtether/pkg/postgres/client.go:102.50,106.46 3 0
github.com/certainty3452/dbtether/pkg/postgres/client.go:106.46,109.3 2 0
github.com/certainty3452/dbtether/pkg/postgres/client.go:112.31,116.38 3 0
github.com/certainty3452/dbtether/pkg/postgres/client.go:116.38,119.3 2 0
github.com/certainty3452/dbtether/pkg/postgres/client.go:122.69,123.27 1 0
github.com/certainty3452/dbtether/pkg/postgres/client.go:123.27,125.3 1 0
github.com/certainty3452/dbtether/pkg/postgres/client.go:126.2,126.22 1 0
github.com/certainty3452/dbtether/pkg/postgres/client.go:126.22,128.3 1 0
github.com/certainty3452/dbtether/pkg/postgres/client.go:130.2,136.16 3 0
github.com/certainty3452/dbtether/pkg/postgres/client.go:136.16,138.3 1 0
github.com/certainty3452/dbtether/pkg/postgres/client.go:140.2,147.16 7 0
github.com/certainty3452/dbtether/pkg/postgres/client.go:147.16,149.3 1 0
github.com/certainty3452/dbtether/pkg/postgres/client.go:151.2,151.49 1 0
github.com/certainty3452/dbtether/pkg/postgres/client.go:154.26,155.19 1 0
github.com/certainty3452/dbtether/pkg/postgres/client.go:155.19,157.3 1 0
github.com/certainty3452/dbtether/pkg/postgres/client.go:160.50,162.2 1 0
github.com/certainty3452/dbtether/pkg/postgres/client.go:164.66,167.16 3 0
github.com/certainty3452/dbtether/pkg/postgres/client.go:167.16,169.3 1 0
github.com/certainty3452/dbtether/pkg/postgres/client.go:170.2,170.21 1 0
github.com/certainty3452/dbtether/pkg/postgres/client.go:173.81,179.16 3 0
github.com/certainty3452/dbtether/pkg/postgres/client.go:179.16,181.3 1 0
github.com/certainty3452/dbtether/pkg/postgres/client.go:182.2,182.20 1 0
github.com/certainty3452/dbtether/pkg/postgres/client.go:186.50,188.2 1 0
github.com/certainty3452/dbtether/pkg/postgres/client.go:191.74,192.46 1 0
github.com/certainty3452/dbtether/pkg/postgres/client.go:192.46,194.3 1 0
github.com/certainty3452/dbtether/pkg/postgres/client.go:195.2,196.21 2 0
github.com/certainty3452/dbtether/pkg/postgres/client.go:196.21,198.3 1 0
github.com/certainty3452/dbtether/pkg/postgres/client.go:199.2,199.33 1 0
github.com/certainty3452/dbtether/pkg/postgres/client.go:202.109,205.16 3 0
github.com/certainty3452/dbtether/pkg/postgres/client.go:205.16,207.3 1 0
github.com/certainty3452/dbtether/pkg/postgres/client.go:210.2,216.12 4 0
github.com/certainty3452/dbtether/pkg/postgres/client.go:219.113,224.73 3 0
github.com/certainty3452/dbtether/pkg/postgres/client.go:224.73,226.3 1 0
github.com/certainty3452/dbtether/pkg/postgres/client.go:227.2,227.19 1 0
github.com/certainty3452/dbtether/pkg/postgres/client.go:227.19,229.3 1 0
github.com/certainty3452/dbtether/pkg/postgres/client.go:230.2,231.9 2 0
github.com/certainty3452/dbtether/pkg/postgres/client.go:231.9,233.3 1 0
github.com/certainty3452/dbtether/pkg/postgres/client.go:234.2,234.19 1 0
github.com/certainty3452/dbtether/pkg/postgres/client.go:237.78,240.16 3 0
github.com/certainty3452/dbtether/pkg/postgres/client.go:240.16,242.3 1 0
github.com/certainty3452/dbtether/pkg/postgres/client.go:243.2,243.12 1 0
github.com/certainty3452/dbtether/pkg/postgres/client.go:246.155,248.16 2 0
github.com/certainty3452/dbtether/pkg/postgres/client.go:248.16,250.3 1 0
github.com/certainty3452/dbtether/pkg/postgres/client.go:251.2,251.13 1 0
github.com/certainty3452/dbtether/pkg/postgres/client.go:251.13,254.3 2 0
github.com/certainty3452/dbtether/pkg/postgres/client.go:257.2,258.16 2 0
github.com/certainty3452/dbtether/pkg/postgres/client.go:258.16,260.3 1 0
github.com/certainty3452/dbtether/pkg/postgres/client.go:262.2,265.39 2 0
github.com/certainty3452/dbtether/pkg/postgres/client.go:265.39,268.59 2 0
github.com/certainty3452/dbtether/pkg/postgres/client.go:268.59,273.4 1 0
github.com/certainty3452/dbtether/pkg/postgres/client.go:274.3,274.19 1 0
github.com/certainty3452/dbtether/pkg/postgres/client.go:278.2,278.44 1 0
github.com/certainty3452/dbtether/pkg/postgres/client.go:278.44,281.3 1 0
github.com/certainty3452/dbtether/pkg/postgres/client.go:283.2,283.18 1 0
github.com/certainty3452/dbtether/pkg/postgres/client.go:286.77,289.51 2 0
github.com/certainty3452/dbtether/pkg/postgres/client.go:289.51,291.3 1 0
github.com/certainty3452/dbtether/pkg/postgres/client.go:292.2,292.12 1 0
github.com/certainty3452/dbtether/pkg/postgres/client.go:295.71,306.16 5 0
github.com/certainty3452/dbtether/pkg/postgres/client.go:306.16,308.3 1 0
github.com/certainty3452/dbtether/pkg/postgres/client.go:309.2,309.12 1 0
github.com/certainty3452/dbtether/pkg/postgres/client.go:312.91,314.16 2 0
github.com/certainty3452/dbtether/pkg/postgres/client.go:314.16,316.3 1 0
github.com/certainty3452/dbtether/pkg/postgres/client.go:317.2,317.15 1 0
github.com/certainty3452/dbtether/pkg/postgres/client.go:317.15,317.38 1 0
github.com/certainty3452/dbtether/pkg/postgres/client.go:319.2,321.16 3 0
github.com/certainty3452/dbtether/pkg/postgres/client.go:321.16,323.3 1 0
github.com/certainty3452/dbtether/pkg/postgres/client.go:324.2,324.12 1 0
github.com/certainty3452/dbtether/pkg/postgres/client.go:327.98,328.26 1 0
github.com/certainty3452/dbtether/pkg/postgres/client.go:328.26,330.3 1 0
github.com/certainty3452/dbtether/pkg/postgres/client.go:332.2,333.16 2 0
github.com/certainty3452/dbtether/pkg/postgres/client.go:333.16,335.3 1 0
github.com/certainty3452/dbtether/pkg/postgres/client.go:336.2,336.15 1 0
github.com/certainty3452/dbtether/pkg/postgres/client.go:336.15,336.38 1 0
github.com/certainty3452/dbtether/pkg/postgres/client.go:338.2,338.33 1 0
github.com/certainty3452/dbtether/pkg/postgres/client.go:338.33,340.49 2 0
github.com/certainty3452/dbtether/pkg/postgres/client.go:340.49,342.4 1 0
github.com/certainty3452/dbtether/pkg/postgres/client.go:344.2,344.12 1 0
github.com/certainty3452/dbtether/pkg/postgres/client.go:347.91,353.16 3 0
github.com/certainty3452/dbtether/pkg/postgres/client.go:353.16,355.3 1 0
github.com/certainty3452/dbtether/pkg/postgres/client.go:356.2,356.18 1 0
github.com/certainty3452/dbtether/pkg/postgres/client.go:359.39,362.2 1 0
github.com/certainty3452/dbtether/pkg/postgres/client.go:366.81,372.16 3 0
github.com/certainty3452/dbtether/pkg/postgres/client.go:372.16,374.3 1 0
github.com/certainty3452/dbtether/pkg/postgres/client.go:375.2,375.20 1 0
github.com/certainty3452/dbtether/pkg/postgres/client.go:378.83,385.16 3 0
github.com/certainty3452/dbtether/pkg/postgres/client.go:385.16,387.3 1 0
github.com/certainty3452/dbtether/pkg/postgres/client.go:388.2,388.12 1 0
github.com/certainty3452/dbtether/pkg/postgres/client.go:391.84,398.16 3 0
github.com/certainty3452/dbtether/pkg/postgres/client.go:398.16,400.3 1 0
github.com/certainty3452/dbtether/pkg/postgres/client.go:401.2,401.12 1 0
github.com/certainty3452/dbtether/pkg/postgres/client.go:404.92,411.16 3 0
github.com/certainty3452/dbtether/pkg/postgres/client.go:411.16,413.3 1 0
github.com/certainty3452/dbtether/pkg/postgres/client.go:414.2,414.12 1 0
github.com/certainty3452/dbtether/pkg/postgres/client.go:417.71,420.16 3 0
github.com/certainty3452/dbtether/pkg/postgres/client.go:420.16,422.3 1 0
github.com/certainty3452/dbtether/pkg/postgres/client.go:423.2,423.12 1 0
github.com/certainty3452/dbtether/pkg/postgres/client.go:426.86,428.16 2 0
github.com/certainty3452/dbtether/pkg/postgres/client.go:428.16,430.3 1 0
github.com/certainty3452/dbtether/pkg/postgres/client.go:431.2,434.18 3 0
github.com/certainty3452/dbtether/pkg/postgres/client.go:434.18,436.44 2 0
github.com/certainty3452/dbtether/pkg/postgres/client.go:436.44,437.12 1 0
github.com/certainty3452/dbtether/pkg/postgres/client.go:439.3,441.33 2 0
github.com/certainty3452/dbtether/pkg/postgres/client.go:443.2,443.12 1 0
github.com/certainty3452/dbtether/pkg/postgres/client.go:446.92,453.16 3 0
github.com/certainty3452/dbtether/pkg/postgres/client.go:453.16,455.3 1 0
github.com/certainty3452/dbtether/pkg/postgres/client.go:456.2,456.12 1 0
github.com/certainty3452/dbtether/pkg/postgres/client.go:459.127,461.16 2 0
github.com/certainty3452/dbtether/pkg/postgres/client.go:461.16,463.3 1 0
github.com/certainty3452/dbtether/pkg/postgres/client.go:464.2,464.15 1 0
github.com/certainty3452/dbtether/pkg/postgres/client.go:464.15,464.38 1 0
github.com/certainty3452/dbtether/pkg/postgres/client.go:466.2,472.104 3 0
github.com/certainty3452/dbtether/pkg/postgres/client.go:472.104,474.3 1 0
github.com/certainty3452/dbtether/pkg/postgres/client.go:476.2,476.16 1 0
github.com/certainty3452/dbtether/pkg/postgres/client.go:477.18,478.74 1 0
github.com/certainty3452/dbtether/pkg/postgres/client.go:478.74,480.4 1 0
github.com/certainty3452/dbtether/pkg/postgres/client.go:481.19,482.75 1 0
github.com/certainty3452/dbtether/pkg/postgres/client.go:482.75,484.4 1 0
github.com/certainty3452/dbtether/pkg/postgres/client.go:485.15,486.71 1 0
github.com/certainty3452/dbtether/pkg/postgres/client.go:486.71,488.4 1 0
github.com/certainty3452/dbtether/pkg/postgres/client.go:492.2,492.41 1 0
github.com/certainty3452/dbtether/pkg/postgres/client.go:492.41,493.73 1 0
github.com/certainty3452/dbtether/pkg/postgres/client.go:493.73,495.4 1 0
github.com/certainty3452/dbtether/pkg/postgres/client.go:498.2,498.12 1 0
github.com/certainty3452/dbtether/pkg/postgres/client.go:501.104,506.28 2 0
github.com/certainty3452/dbtether/pkg/postgres/client.go:506.28,507.46 1 0
github.com/certainty3452/dbtether/pkg/postgres/client.go:507.46,509.4 1 0
github.com/certainty3452/dbtether/pkg/postgres/client.go:511.2,511.12 1 0
github.com/certainty3452/dbtether/pkg/postgres/client.go:514.105,515.73 1 0
github.com/certainty3452/dbtether/pkg/postgres/client.go:515.73,517.3 1 0
github.com/certainty3452/dbtether/pkg/postgres/client.go:518.2,524.28 2 0
github.com/certainty3452/dbtether/pkg/postgres/client.go:524.28,525.46 1 0
github.com/certainty3452/dbtether/pkg/postgres/client.go:525.46,527.4 1 0
github.com/certainty3452/dbtether/pkg/postgres/client.go:529.2,529.12 1 0
github.com/certainty3452/dbtether/pkg/postgres/client.go:532.101,533.74 1 0
github.com/certainty3452/dbtether/pkg/postgres/client.go:533.74,535.3 1 0
github.com/certainty3452/dbtether/pkg/postgres/client.go:536.2,541.28 2 0
github.com/certainty3452/dbtether/pkg/postgres/client.go:541.28,542.46 1 0
github.com/certainty3452/dbtether/pkg/postgres/client.go:542.46,544.4 1 0
github.com/certainty3452/dbtether/pkg/postgres/client.go:546.2,546.12 1 0
github.com/certainty3452/dbtether/pkg/postgres/client.go:549.114,550.37 1 0
github.com/certainty3452/dbtether/pkg/postgres/client.go:550.37,552.38 2 0
github.com/certainty3452/dbtether/pkg/postgres/client.go:552.38,553.13 1 0
github.com/certainty3452/dbtether/pkg/postgres/client.go:553.13,555.5 1 0
github.com/certainty3452/dbtether/pkg/postgres/client.go:556.4,556.14 1 0
github.com/certainty3452/dbtether/pkg/postgres/client.go:558.3,559.50 2 0
github.com/certainty3452/dbtether/pkg/postgres/client.go:559.50,561.4 1 0
github.com/certainty3452/dbtether/pkg/postgres/client.go:563.2,563.12 1 0
github.com/certainty3452/dbtether/pkg/postgres/client.go:566.115,573.16 3 0
github.com/certainty3452/dbtether/pkg/postgres/client.go:573.16,575.3 1 0
github.com/certainty3452/dbtether/pkg/postgres/client.go:576.2,579.18 3 0
github.com/certainty3452/dbtether/pkg/postgres/client.go:579.18,581.40 2 0
github.com/certainty3452/dbtether/pkg/postgres/client.go:581.40,583.4 1 0
github.com/certainty3452/dbtether/pkg/postgres/client.go:584.3,584.36 1 0
github.com/certainty3452/dbtether/pkg/postgres/client.go:586.2,586.23 1 0
github.com/certainty3452/dbtether/pkg/postgres/client.go:589.99,591.16 2 0
github.com/certainty3452/dbtether/pkg/postgres/client.go:591.16,593.3 1 0
github.com/certainty3452/dbtether/pkg/postgres/client.go:594.2,594.15 1 0
github.com/certainty3452/dbtether/pkg/postgres/client.go:594.15,594.38 1 0
github.com/certainty3452/dbtether/pkg/postgres/client.go:596.2,604.28 3 0
github.com/certainty3452/dbtether/pkg/postgres/client.go:604.28,606.3 1 0
github.com/certainty3452/dbtether/pkg/postgres/client.go:609.2,613.12 3 0
github.com/certainty3452/dbtether/pkg/postgres/mock_client.go:22.34,30.2 1 1
github.com/certainty3452/dbtether/pkg/postgres/mock_client.go:32.31,32.32 0 0
github.com/certainty3452/dbtether/pkg/postgres/mock_client.go:34.54,35.18 1 0
github.com/certainty3452/dbtether/pkg/postgres/mock_client.go:35.18,37.3 1 0
github.com/certainty3452/dbtether/pkg/postgres/mock_client.go:38.2,38.12 1 0
github.com/certainty3452/dbtether/pkg/postgres/mock_client.go:41.70,42.18 1 0
github.com/certainty3452/dbtether/pkg/postgres/mock_client.go:42.18,44.3 1 0
github.com/certainty3452/dbtether/pkg/postgres/mock_client.go:45.2,45.23 1 0
github.com/certainty3452/dbtether/pkg/postgres/mock_client.go:48.85,49.18 1 0
github.com/certainty3452/dbtether/pkg/postgres/mock_client.go:49.18,51.3 1 0
github.com/certainty3452/dbtether/pkg/postgres/mock_client.go:52.2,54.31 3 0
github.com/certainty3452/dbtether/pkg/postgres/mock_client.go:57.113,58.18 1 1
github.com/certainty3452/dbtether/pkg/postgres/mock_client.go:58.18,60.3 1 0
github.com/certainty3452/dbtether/pkg/postgres/mock_client.go:61.2,65.12 5 1
github.com/certainty3452/dbtether/pkg/postgres/mock_client.go:68.117,69.18 1 1
github.com/certainty3452/dbtether/pkg/postgres/mock_client.go:69.18,71.3 1 0
github.com/certainty3452/dbtether/pkg/postgres/mock_client.go:72.2,75.17 4 1
github.com/certainty3452/dbtether/pkg/postgres/mock_client.go:75.17,77.3 1 1
github.com/certainty3452/dbtether/pkg/postgres/mock_client.go:78.2,79.32 2 1
github.com/certainty3452/dbtether/pkg/postgres/mock_client.go:82.41,83.23 1 1
github.com/certainty3452/dbtether/pkg/postgres/mock_client.go:83.23,84.22 1 1
github.com/certainty3452/dbtether/pkg/postgres/mock_client.go:84.22,86.4 1 1
github.com/certainty3452/dbtether/pkg/postgres/mock_client.go:88.2,88.29 1 1
github.com/certainty3452/dbtether/pkg/postgres/mock_client.go:91.138,97.18 5 1
github.com/certainty3452/dbtether/pkg/postgres/mock_client.go:97.18,99.3 1 1
github.com/certainty3452/dbtether/pkg/postgres/mock_client.go:101.2,101.13 1 1
github.com/certainty3452/dbtether/pkg/postgres/mock_client.go:101.13,104.3 2 1
github.com/certainty3452/dbtether/pkg/postgres/mock_client.go:106.2,109.38 2 1
github.com/certainty3452/dbtether/pkg/postgres/mock_client.go:109.38,114.3 4 1
github.com/certainty3452/dbtether/pkg/postgres/mock_client.go:117.2,117.35 1 1
github.com/certainty3452/dbtether/pkg/postgres/mock_client.go:117.35,120.3 1 1
github.com/certainty3452/dbtether/pkg/postgres/mock_client.go:122.2,122.18 1 1
github.com/certainty3452/dbtether/pkg/postgres/mock_client.go:125.81,126.18 1 1
github.com/certainty3452/dbtether/pkg/postgres/mock_client.go:126.18,128.3 1 0
github.com/certainty3452/dbtether/pkg/postgres/mock_client.go:129.2,132.12 4 1
github.com/certainty3452/dbtether/pkg/postgres/mock_client.go:135.75,136.18 1 0
github.com/certainty3452/dbtether/pkg/postgres/mock_client.go:136.18,138.3 1 0
github.com/certainty3452/dbtether/pkg/postgres/mock_client.go:139.2,143.12 5 0
github.com/certainty3452/dbtether/pkg/postgres/mock_client.go:146.82,147.18 1 0
github.com/certainty3452/dbtether/pkg/postgres/mock_client.go:147.18,149.3 1 0
github.com/certainty3452/dbtether/pkg/postgres/mock_client.go:150.2,150.12 1 0
github.com/certainty3452/dbtether/pkg/postgres/mock_client.go:153.95,154.18 1 0
github.com/certainty3452/dbtether/pkg/postgres/mock_client.go:154.18,156.3 1 0
github.com/certainty3452/dbtether/pkg/postgres/mock_client.go:157.2,160.12 4 0
github.com/certainty3452/dbtether/pkg/postgres/mock_client.go:163.102,164.33 1 0
github.com/certainty3452/dbtether/pkg/postgres/mock_client.go:164.33,165.61 1 0
github.com/certainty3452/dbtether/pkg/postgres/mock_client.go:165.61,167.4 1 0
github.com/certainty3452/dbtether/pkg/postgres/mock_client.go:169.2,169.12 1 0
github.com/certainty3452/dbtether/pkg/postgres/mock_client.go:172.85,173.18 1 0
github.com/certainty3452/dbtether/pkg/postgres/mock_client.go:173.18,175.3 1 0
github.com/certainty3452/dbtether/pkg/postgres/mock_client.go:176.2,179.20 4 0
github.com/certainty3452/dbtether/pkg/postgres/mock_client.go:182.87,183.18 1 0
github.com/certainty3452/dbtether/pkg/postgres/mock_client.go:183.18,185.3 1 0
github.com/certainty3452/dbtether/pkg/postgres/mock_client.go:186.2,189.12 4 0
github.com/certainty3452/dbtether/pkg/postgres/mock_client.go:192.88,193.18 1 0
github.com/certainty3452/dbtether/pkg/postgres/mock_client.go:193.18,195.3 1 0
github.com/certainty3452/dbtether/pkg/postgres/mock_client.go:196.2,198.44 3 0
github.com/certainty3452/dbtether/pkg/postgres/mock_client.go:198.44,200.3 1 0
github.com/certainty3452/dbtether/pkg/postgres/mock_client.go:201.2,201.12 1 0
github.com/certainty3452/dbtether/pkg/postgres/mock_client.go:204.96,205.18 1 0
github.com/certainty3452/dbtether/pkg/postgres/mock_client.go:205.18,207.3 1 0
github.com/certainty3452/dbtether/pkg/postgres/mock_client.go:208.2,208.12 1 0
github.com/certainty3452/dbtether/pkg/postgres/mock_client.go:211.75,212.18 1 0
github.com/certainty3452/dbtether/pkg/postgres/mock_client.go:212.18,214.3 1 0
github.com/certainty3452/dbtether/pkg/postgres/mock_client.go:215.2,218.12 4 0
github.com/certainty3452/dbtether/pkg/postgres/mock_client.go:221.90,222.18 1 0
github.com/certainty3452/dbtether/pkg/postgres/mock_client.go:222.18,224.3 1 0
github.com/certainty3452/dbtether/pkg/postgres/mock_client.go:225.2,225.12 1 0
github.com/certainty3452/dbtether/pkg/postgres/mock_client.go:228.96,229.18 1 0
github.com/certainty3452/dbtether/pkg/postgres/mock_client.go:229.18,231.3 1 0
github.com/certainty3452/dbtether/pkg/postgres/mock_client.go:232.2,232.12 1 0
github.com/certainty3452/dbtether/pkg/postgres/mock_client.go:235.131,236.18 1 0
github.com/certainty3452/dbtether/pkg/postgres/mock_client.go:236.18,238.3 1 0
github.com/certainty3452/dbtether/pkg/postgres/mock_client.go:239.2,239.12 1 0
github.com/certainty3452/dbtether/pkg/postgres/mock_client.go:242.119,243.18 1 0
github.com/certainty3452/dbtether/pkg/postgres/mock_client.go:243.18,245.3 1 0
github.com/certainty3452/dbtether/pkg/postgres/mock_client.go:246.2,246.39 1 0
github.com/certainty3452/dbtether/pkg/postgres/mock_client.go:249.103,250.18 1 0
github.com/certainty3452/dbtether/pkg/postgres/mock_client.go:250.18,252.3 1 0
github.com/certainty3452/dbtether/pkg/postgres/mock_client.go:253.2,253.12 1 0
github.com/certainty3452/dbtether/pkg/postgres/mock_client.go:258.47,262.2 3 0
github.com/certainty3452/dbtether/pkg/postgres/mock_client.go:264.57,268.2 3 0
github.com/certainty3452/dbtether/pkg/postgres/mock_client.go:270.46,274.30 4 0
github.com/certainty3452/dbtether/pkg/postgres/mock_client.go:274.30,276.3 1 0
github.com/certainty3452/dbtether/pkg/postgres/mock_client.go:277.2,277.15 1 0
github.com/certainty3452/dbtether/pkg/postgres/mock_client.go:280.42,284.28 4 0
github.com/certainty3452/dbtether/pkg/postgres/mock_client.go:284.28,286.3 1 0
github.com/certainty3452/dbtether/pkg/postgres/mock_client.go:287.2,287.15 1 0
github.com/certainty3452/dbtether/pkg/postgres/mock_client.go:297.44,302.2 1 0
github.com/certainty3452/dbtether/pkg/postgres/mock_client.go:304.112,309.8 4 0
github.com/certainty3452/dbtether/pkg/postgres/mock_client.go:309.8,311.3 1 0
github.com/certainty3452/dbtether/pkg/postgres/mock_client.go:313.2,313.27 1 0
github.com/certainty3452/dbtether/pkg/postgres/mock_client.go:316.54,320.2 3 0
github.com/certainty3452/dbtether/pkg/postgres/mock_client.go:322.36,322.37 0 0
github.com/certainty3452/dbtether/pkg/postgres/mock_client.go:324.77,328.2 3 0
github.com/certainty3452/dbtether/pkg/postgres/password.go:24.51,25.9 1 1
github.com/certainty3452/dbtether/pkg/postgres/password.go:26.19,27.33 1 1
github.com/certainty3452/dbtether/pkg/postgres/password.go:28.34,29.29 1 1
github.com/certainty3452/dbtether/pkg/postgres/password.go:30.34,31.29 1 1
github.com/certainty3452/dbtether/pkg/postgres/password.go:34.2,38.76 3 1
github.com/certainty3452/dbtether/pkg/postgres/password.go:38.76,40.3 1 0
github.com/certainty3452/dbtether/pkg/postgres/password.go:41.2,41.76 1 1
github.com/certainty3452/dbtether/pkg/postgres/password.go:41.76,43.3 1 0
github.com/certainty3452/dbtether/pkg/postgres/password.go:44.2,44.76 1 1
github.com/certainty3452/dbtether/pkg/postgres/password.go:44.76,46.3 1 0
github.com/certainty3452/dbtether/pkg/postgres/password.go:47.2,47.80 1 1
github.com/certainty3452/dbtether/pkg/postgres/password.go:47.80,49.3 1 0
github.com/certainty3452/dbtether/pkg/postgres/password.go:52.2,53.76 2 1
github.com/certainty3452/dbtether/pkg/postgres/password.go:53.76,55.3 1 0
github.com/certainty3452/dbtether/pkg/postgres/password.go:58.2,58.40 1 1
github.com/certainty3452/dbtether/pkg/postgres/password.go:58.40,60.3 1 0
github.com/certainty3452/dbtether/pkg/postgres/password.go:62.2,62.28 1 1
github.com/certainty3452/dbtether/pkg/postgres/password.go:65.80,67.51 2 1
github.com/certainty3452/dbtether/pkg/postgres/password.go:67.51,69.17 2 1
github.com/certainty3452/dbtether/pkg/postgres/password.go:69.17,71.4 1 0
github.com/certainty3452/dbtether/pkg/postgres/password.go:72.3,73.9 2 1
github.com/certainty3452/dbtether/pkg/postgres/password.go:75.2,75.12 1 1
github.com/certainty3452/dbtether/pkg/postgres/password.go:78.33,80.29 2 1
github.com/certainty3452/dbtether/pkg/postgres/password.go:80.29,82.17 2 1
github.com/certainty3452/dbtether/pkg/postgres/password.go:82.17,84.4 1 0
github.com/certainty3452/dbtether/pkg/postgres/password.go:85.3,86.38 2 1
github.com/certainty3452/dbtether/pkg/postgres/password.go:88.2,88.12 1 1
github.com/certainty3452/dbtether/main.go:38.13,41.2 2 0
github.com/certainty3452/dbtether/main.go:43.13,62.14 15 0
github.com/certainty3452/dbtether/main.go:63.13,65.9 2 0
github.com/certainty3452/dbtether/main.go:66.17,68.9 2 0
github.com/certainty3452/dbtether/main.go:69.10,70.81 1 0
github.com/certainty3452/dbtether/main.go:74.104,84.16 2 0
github.com/certainty3452/dbtether/main.go:84.16,87.3 2 0
github.com/certainty3452/dbtether/main.go:89.2,96.39 2 0
github.com/certainty3452/dbtether/main.go:96.39,99.3 2 0
github.com/certainty3452/dbtether/main.go:101.2,105.39 1 0
github.com/certainty3452/dbtether/main.go:105.39,108.3 2 0
github.com/certainty3452/dbtether/main.go:110.2,114.39 1 0
github.com/certainty3452/dbtether/main.go:114.39,117.3 2 0
github.com/certainty3452/dbtether/main.go:120.2,123.39 1 0
github.com/certainty3452/dbtether/main.go:123.39,126.3 2 0
github.com/certainty3452/dbtether/main.go:129.2,130.25 2 0
github.com/certainty3452/dbtether/main.go:130.25,132.3 1 0
github.com/certainty3452/dbtether/main.go:135.2,143.39 2 0
github.com/certainty3452/dbtether/main.go:143.39,146.3 2 0
github.com/certainty3452/dbtether/main.go:149.2,157.39 3 0
github.com/certainty3452/dbtether/main.go:157.39,160.3 2 0
github.com/certainty3452/dbtether/main.go:161.2,169.39 2 0
github.com/certainty3452/dbtether/main.go:169.39,172.3 2 0
github.com/certainty3452/dbtether/main.go:174.2,174.69 1 0
github.com/certainty3452/dbtether/main.go:174.69,177.3 2 0
github.com/certainty3452/dbtether/main.go:179.2,179.67 1 0
github.com/certainty3452/dbtether/main.go:179.67,182.3 2 0
github.com/certainty3452/dbtether/main.go:184.2,185.61 2 0
github.com/certainty3452/dbtether/main.go:185.61,188.3 2 0
github.com/certainty3452/dbtether/main.go:191.21,231.16 5 0
github.com/certainty3452/dbtether/main.go:231.16,234.3 2 0
github.com/certainty3452/dbtether/main.go:236.2,245.58 2 0
github.com/certainty3452/dbtether/main.go:245.58,248.3 1 0
github.com/certainty3452/dbtether/main.go:251.22,272.25 2 0
github.com/certainty3452/dbtether/main.go:273.12,280.4 1 0
github.com/certainty3452/dbtether/main.go:281.13,285.4 1 0
github.com/certainty3452/dbtether/main.go:286.15,290.4 1 0
github.com/certainty3452/dbtether/main.go:293.2,301.56 3 0
github.com/certainty3452/dbtether/main.go:301.56,304.3 2 0
github.com/certainty3452/dbtether/main.go:306.2,309.3 1 0
github.com/certainty3452/dbtether/main.go:312.40,314.15 2 0
github.com/certainty3452/dbtether/main.go:314.15,317.3 2 0
github.com/certainty3452/dbtether/main.go:318.2,318.12 1 0
github.com/certainty3452/dbtether/main.go:321.44,322.38 1 0
github.com/certainty3452/dbtether/main.go:322.38,324.3 1 0
github.com/certainty3452/dbtether/main.go:325.2,325.19 1 0
github.com/certainty3452/dbtether/main.go:328.48,330.15 2 0
github.com/certainty3452/dbtether/main.go:330.15,332.3 1 0
github.com/certainty3452/dbtether/main.go:333.2,334.26 2 0
github.com/certainty3452/dbtether/main.go:334.26,336.3 1 0
github.com/certainty3452/dbtether/main.go:337.2,337.10 1 0
github.com/certainty3452/dbtether/main.go:341.38,343.18 2 0
github.com/certainty3452/dbtether/main.go:343.18,345.3 1 0
github.com/certainty3452/dbtether/main.go:346.2,347.46 2 0
github.com/certainty3452/dbtether/main.go:347.46,350.3 2 0
github.com/certainty3452/dbtether/main.go:351.2,351.77 1 0
github.com/certainty3452/dbtether/main.go:355.86,358.41 3 0
github.com/certainty3452/dbtether/main.go:358.41,360.3 1 0
github.com/certainty3452/dbtether/main.go:362.2,363.16 2 0
github.com/certainty3452/dbtether/main.go:363.16,365.3 1 0
github.com/certainty3452/dbtether/main.go:367.2,368.16 2 0
github.com/certainty3452/dbtether/main.go:368.16,370.3 1 0
github.com/certainty3452/dbtether/main.go:373.2,394.16 3 0
github.com/certainty3452/dbtether/main.go:394.16,396.3 1 0
github.com/certainty3452/dbtether/main.go:398.2,398.12 1 0
github.com/certainty3452/dbtether/api/v1alpha1/backup_types.go:88.13,90.2 1 1
github.com/certainty3452/dbtether/api/v1alpha1/backupschedule_types.go:102.13,104.2 1 1
github.com/certainty3452/dbtether/api/v1alpha1/backupstorage_types.go:90.46,91.22 1 1
github.com/certainty3452/dbtether/api/v1alpha1/backupstorage_types.go:91.22,93.3 1 1
github.com/certainty3452/dbtether/api/v1alpha1/backupstorage_types.go:94.2,94.23 1 1
github.com/certainty3452/dbtether/api/v1alpha1/backupstorage_types.go:94.23,96.3 1 1
github.com/certainty3452/dbtether/api/v1alpha1/backupstorage_types.go:97.2,97.25 1 1
github.com/certainty3452/dbtether/api/v1alpha1/backupstorage_types.go:97.25,99.3 1 1
github.com/certainty3452/dbtether/api/v1alpha1/backupstorage_types.go:100.2,100.11 1 1
github.com/certainty3452/dbtether/api/v1alpha1/backupstorage_types.go:111.13,113.2 1 1
github.com/certainty3452/dbtether/api/v1alpha1/database_types.go:68.13,70.2 1 1
github.com/certainty3452/dbtether/api/v1alpha1/databaseuser_types.go:108.13,110.2 1 1
github.com/certainty3452/dbtether/api/v1alpha1/dbcluster_types.go:78.13,80.2 1 1
github.com/certainty3452/dbtether/api/v1alpha1/restore_types.go:135.13,137.2 1 1
github.com/certainty3452/dbtether/api/v1alpha1/zz_generated.deepcopy.go:15.69,17.2 1 0
github.com/certainty3452/dbtether/api/v1alpha1/zz_generated.deepcopy.go:20.62,21.15 1 0
github.com/certainty3452/dbtether/api/v1alpha1/zz_generated.deepcopy.go:21.15,23.3 1 0
github.com/certainty3452/dbtether/api/v1alpha1/zz_generated.deepcopy.go:24.2,26.12 3 0
github.com/certainty3452/dbtether/api/v1alpha1/zz_generated.deepcopy.go:30.45,36.2 5 0
github.com/certainty3452/dbtether/api/v1alpha1/zz_generated.deepcopy.go:39.38,40.15 1 0
github.com/certainty3452/dbtether/api/v1alpha1/zz_generated.deepcopy.go:40.15,42.3 1 0
github.com/certainty3452/dbtether/api/v1alpha1/zz_generated.deepcopy.go:43.2,45.12 3 0
github.com/certainty3452/dbtether/api/v1alpha1/zz_generated.deepcopy.go:49.51,50.34 1 0
github.com/certainty3452/dbtether/api/v1alpha1/zz_generated.deepcopy.go:50.34,52.3 1 0
github.com/certainty3452/dbtether/api/v1alpha1/zz_generated.deepcopy.go:53.2,53.12 1 0
github.com/certainty3452/dbtether/api/v1alpha1/zz_generated.deepcopy.go:57.53,61.21 4 0
github.com/certainty3452/dbtether/api/v1alpha1/zz_generated.deepcopy.go:61.21,64.22 3 0
github.com/certainty3452/dbtether/api/v1alpha1/zz_generated.deepcopy.go:64.22,66.4 1 0
github.com/certainty3452/dbtether/api/v1alpha1/zz_generated.deepcopy.go:71.46,72.15 1 0
github.com/certainty3452/dbtether/api/v1alpha1/zz_generated.deepcopy.go:72.15,74.3 1 0
github.com/certainty3452/dbtether/api/v1alpha1/zz_generated.deepcopy.go:75.2,77.12 3 0
github.com/certainty3452/dbtether/api/v1alpha1/zz_generated.deepcopy.go:81.55,82.34 1 0
github.com/certainty3452/dbtether/api/v1alpha1/zz_generated.deepcopy.go:82.34,84.3 1 0
github.com/certainty3452/dbtether/api/v1alpha1/zz_generated.deepcopy.go:85.2,85.12 1 0
github.com/certainty3452/dbtether/api/v1alpha1/zz_generated.deepcopy.go:89.63,91.2 1 0
github.com/certainty3452/dbtether/api/v1alpha1/zz_generated.deepcopy.go:94.56,95.15 1 0
github.com/certainty3452/dbtether/api/v1alpha1/zz_generated.deepcopy.go:95.15,97.3 1 0
github.com/certainty3452/dbtether/api/v1alpha1/zz_generated.deepcopy.go:98.2,100.12 3 0
github.com/certainty3452/dbtether/api/v1alpha1/zz_generated.deepcopy.go:104.61,110.2 5 0
github.com/certainty3452/dbtether/api/v1alpha1/zz_generated.deepcopy.go:113.54,114.15 1 0
github.com/certainty3452/dbtether/api/v1alpha1/zz_generated.deepcopy.go:114.15,116.3 1 0
github.com/certainty3452/dbtether/api/v1alpha1/zz_generated.deepcopy.go:117.2,119.12 3 0
github.com/certainty3452/dbtether/api/v1alpha1/zz_generated.deepcopy.go:123.59,124.34 1 0
github.com/certainty3452/dbtether/api/v1alpha1/zz_generated.deepcopy.go:124.34,126.3 1 0
github.com/certainty3452/dbtether/api/v1alpha1/zz_generated.deepcopy.go:127.2,127.12 1 0
github.com/certainty3452/dbtether/api/v1alpha1/zz_generated.deepcopy.go:131.69,135.21 4 0
github.com/certainty3452/dbtether/api/v1alpha1/zz_generated.deepcopy.go:135.21,138.22 3 0
github.com/certainty3452/dbtether/api/v1alpha1/zz_generated.deepcopy.go:138.22,140.4 1 0
github.com/certainty3452/dbtether/api/v1alpha1/zz_generated.deepcopy.go:145.62,146.15 1 0
github.com/certainty3452/dbtether/api/v1alpha1/zz_generated.deepcopy.go:146.15,148.3 1 0
github.com/certainty3452/dbtether/api/v1alpha1/zz_generated.deepcopy.go:149.2,151.12 3 0
github.com/certainty3452/dbtether/api/v1alpha1/zz_generated.deepcopy.go:155.63,156.34 1 0
github.com/certainty3452/dbtether/api/v1alpha1/zz_generated.deepcopy.go:156.34,158.3 1 0
github.com/certainty3452/dbtether/api/v1alpha1/zz_generated.deepcopy.go:159.2,159.12 1 0
github.com/certainty3452/dbtether/api/v1alpha1/zz_generated.deepcopy.go:163.69,167.25 4 0
github.com/certainty3452/dbtether/api/v1alpha1/zz_generated.deepcopy.go:167.25,171.3 3 0
github.com/certainty3452/dbtether/api/v1alpha1/zz_generated.deepcopy.go:175.62,176.15 1 0
github.com/certainty3452/dbtether/api/v1alpha1/zz_generated.deepcopy.go:176.15,178.3 1 0
github.com/certainty3452/dbtether/api/v1alpha1/zz_generated.deepcopy.go:179.2,181.12 3 0
github.com/certainty3452/dbtether/api/v1alpha1/zz_generated.deepcopy.go:185.73,187.30 2 0
github.com/certainty3452/dbtether/api/v1alpha1/zz_generated.deepcopy.go:187.30,190.3 2 0
github.com/certainty3452/dbtether/api/v1alpha1/zz_generated.deepcopy.go:191.2,191.33 1 0
github.com/certainty3452/dbtether/api/v1alpha1/zz_generated.deepcopy.go:191.33,194.3 2 0
github.com/certainty3452/dbtether/api/v1alpha1/zz_generated.deepcopy.go:198.66,199.15 1 0
github.com/certainty3452/dbtether/api/v1alpha1/zz_generated.deepcopy.go:199.15,201.3 1 0
github.com/certainty3452/dbtether/api/v1alpha1/zz_generated.deepcopy.go:202.2,204.12 3 0
github.com/certainty3452/dbtether/api/v1alpha1/zz_generated.deepcopy.go:208.53,212.34 4 0
github.com/certainty3452/dbtether/api/v1alpha1/zz_generated.deepcopy.go:212.34,216.3 3 0
github.com/certainty3452/dbtether/api/v1alpha1/zz_generated.deepcopy.go:220.46,221.15 1 0
github.com/certainty3452/dbtether/api/v1alpha1/zz_generated.deepcopy.go:221.15,223.3 1 0
github.com/certainty3452/dbtether/api/v1alpha1/zz_generated.deepcopy.go:224.2,226.12 3 0
github.com/certainty3452/dbtether/api/v1alpha1/zz_generated.deepcopy.go:230.57,232.25 2 0
github.com/certainty3452/dbtether/api/v1alpha1/zz_generated.deepcopy.go:232.25,235.3 2 0
github.com/certainty3452/dbtether/api/v1alpha1/zz_generated.deepcopy.go:236.2,236.27 1 0
github.com/certainty3452/dbtether/api/v1alpha1/zz_generated.deepcopy.go:236.27,239.3 2 0
github.com/certainty3452/dbtether/api/v1alpha1/zz_generated.deepcopy.go:243.50,244.15 1 0
github.com/certainty3452/dbtether/api/v1alpha1/zz_generated.deepcopy.go:244.15,246.3 1 0
github.com/certainty3452/dbtether/api/v1alpha1/zz_generated.deepcopy.go:247.2,249.12 3 0
github.com/certainty3452/dbtether/api/v1alpha1/zz_generated.deepcopy.go:253.59,259.2 5 0
github.com/certainty3452/dbtether/api/v1alpha1/zz_generated.deepcopy.go:262.52,263.15 1 0
github.com/certainty3452/dbtether/api/v1alpha1/zz_generated.deepcopy.go:263.15,265.3 1 0
github.com/certainty3452/dbtether/api/v1alpha1/zz_generated.deepcopy.go:266.2,268.12 3 0
github.com/certainty3452/dbtether/api/v1alpha1/zz_generated.deepcopy.go:272.58,273.34 1 0
github.com/certainty3452/dbtether/api/v1alpha1/zz_generated.deepcopy.go:273.34,275.3 1 0
github.com/certainty3452/dbtether/api/v1alpha1/zz_generated.deepcopy.go:276.2,276.12 1 0
github.com/certainty3452/dbtether/api/v1alpha1/zz_generated.deepcopy.go:280.67,284.21 4 0
github.com/certainty3452/dbtether/api/v1alpha1/zz_generated.deepcopy.go:284.21,287.22 3 0
github.com/certainty3452/dbtether/api/v1alpha1/zz_generated.deepcopy.go:287.22,289.4 1 0
github.com/certainty3452/dbtether/api/v1alpha1/zz_generated.deepcopy.go:294.60,295.15 1 0
github.com/certainty3452/dbtether/api/v1alpha1/zz_generated.deepcopy.go:295.15,297.3 1 0
github.com/certainty3452/dbtether/api/v1alpha1/zz_generated.deepcopy.go:298.2,300.12 3 0
github.com/certainty3452/dbtether/api/v1alpha1/zz_generated.deepcopy.go:304.62,305.34 1 0
github.com/certainty3452/dbtether/api/v1alpha1/zz_generated.deepcopy.go:305.34,307.3 1 0
github.com/certainty3452/dbtether/api/v1alpha1/zz_generated.deepcopy.go:308.2,308.12 1 0
github.com/certainty3452/dbtether/api/v1alpha1/zz_generated.deepcopy.go:312.67,314.18 2 0
github.com/certainty3452/dbtether/api/v1alpha1/zz_generated.deepcopy.go:314.18,318.3 3 0
github.com/certainty3452/dbtether/api/v1alpha1/zz_generated.deepcopy.go:319.2,319.19 1 0
github.com/certainty3452/dbtether/api/v1alpha1/zz_generated.deepcopy.go:319.19,323.3 3 0
github.com/certainty3452/dbtether/api/v1alpha1/zz_generated.deepcopy.go:324.2,324.21 1 0
github.com/certainty3452/dbtether/api/v1alpha1/zz_generated.deepcopy.go:324.21,328.3 3 0
github.com/certainty3452/dbtether/api/v1alpha1/zz_generated.deepcopy.go:329.2,329.36 1 0
github.com/certainty3452/dbtether/api/v1alpha1/zz_generated.deepcopy.go:329.36,333.3 3 0
github.com/certainty3452/dbtether/api/v1alpha1/zz_generated.deepcopy.go:337.60,338.15 1 0
github.com/certainty3452/dbtether/api/v1alpha1/zz_generated.deepcopy.go:338.15,340.3 1 0
github.com/certainty3452/dbtether/api/v1alpha1/zz_generated.deepcopy.go:341.2,343.12 3 0
github.com/certainty3452/dbtether/api/v1alpha1/zz_generated.deepcopy.go:347.71,350.2 2 0
github.com/certainty3452/dbtether/api/v1alpha1/zz_generated.deepcopy.go:353.64,354.15 1 0
github.com/certainty3452/dbtether/api/v1alpha1/zz_generated.deepcopy.go:354.15,356.3 1 0
github.com/certainty3452/dbtether/api/v1alpha1/zz_generated.deepcopy.go:357.2,359.12 3 0
github.com/certainty3452/dbtether/api/v1alpha1/zz_generated.deepcopy.go:363.65,365.2 1 0
github.com/certainty3452/dbtether/api/v1alpha1/zz_generated.deepcopy.go:368.58,369.15 1 0
github.com/certainty3452/dbtether/api/v1alpha1/zz_generated.deepcopy.go:369.15,371.3 1 0
github.com/certainty3452/dbtether/api/v1alpha1/zz_generated.deepcopy.go:372.2,374.12 3 0
github.com/certainty3452/dbtether/api/v1alpha1/zz_generated.deepcopy.go:378.69,380.2 1 0
github.com/certainty3452/dbtether/api/v1alpha1/zz_generated.deepcopy.go:383.62,384.15 1 0
github.com/certainty3452/dbtether/api/v1alpha1/zz_generated.deepcopy.go:384.15,386.3 1 0
github.com/certainty3452/dbtether/api/v1alpha1/zz_generated.deepcopy.go:387.2,389.12 3 0
github.com/certainty3452/dbtether/api/v1alpha1/zz_generated.deepcopy.go:393.51,399.2 5 0
github.com/certainty3452/dbtether/api/v1alpha1/zz_generated.deepcopy.go:402.44,403.15 1 0
github.com/certainty3452/dbtether/api/v1alpha1/zz_generated.deepcopy.go:403.15,405.3 1 0
github.com/certainty3452/dbtether/api/v1alpha1/zz_generated.deepcopy.go:406.2,408.12 3 0
github.com/certainty3452/dbtether/api/v1alpha1/zz_generated.deepcopy.go:412.54,413.34 1 0
github.com/certainty3452/dbtether/api/v1alpha1/zz_generated.deepcopy.go:413.34,415.3 1 0
github.com/certainty3452/dbtether/api/v1alpha1/zz_generated.deepcopy.go:416.2,416.12 1 0
github.com/certainty3452/dbtether/api/v1alpha1/zz_generated.deepcopy.go:420.59,424.21 4 0
github.com/certainty3452/dbtether/api/v1alpha1/zz_generated.deepcopy.go:424.21,427.22 3 0
github.com/certainty3452/dbtether/api/v1alpha1/zz_generated.deepcopy.go:427.22,429.4 1 0
github.com/certainty3452/dbtether/api/v1alpha1/zz_generated.deepcopy.go:434.52,435.15 1 0
github.com/certainty3452/dbtether/api/v1alpha1/zz_generated.deepcopy.go:435.15,437.3 1 0
github.com/certainty3452/dbtether/api/v1alpha1/zz_generated.deepcopy.go:438.2,440.12 3 0
github.com/certainty3452/dbtether/api/v1alpha1/zz_generated.deepcopy.go:444.58,445.34 1 0
github.com/certainty3452/dbtether/api/v1alpha1/zz_generated.deepcopy.go:445.34,447.3 1 0
github.com/certainty3452/dbtether/api/v1alpha1/zz_generated.deepcopy.go:448.2,448.12 1 0
github.com/certainty3452/dbtether/api/v1alpha1/zz_generated.deepcopy.go:452.59,454.36 2 0
github.com/certainty3452/dbtether/api/v1alpha1/zz_generated.deepcopy.go:454.36,458.3 3 0
github.com/certainty3452/dbtether/api/v1alpha1/zz_generated.deepcopy.go:459.2,459.34 1 0
github.com/certainty3452/dbtether/api/v1alpha1/zz_generated.deepcopy.go:459.34,463.3 3 0
github.com/certainty3452/dbtether/api/v1alpha1/zz_generated.deepcopy.go:467.52,468.15 1 0
github.com/certainty3452/dbtether/api/v1alpha1/zz_generated.deepcopy.go:468.15,470.3 1 0
github.com/certainty3452/dbtether/api/v1alpha1/zz_generated.deepcopy.go:471.2,473.12 3 0
github.com/certainty3452/dbtether/api/v1alpha1/zz_generated.deepcopy.go:477.63,480.26 3 0
github.com/certainty3452/dbtether/api/v1alpha1/zz_generated.deepcopy.go:480.26,483.22 3 0
github.com/certainty3452/dbtether/api/v1alpha1/zz_generated.deepcopy.go:483.22,485.4 1 0
github.com/certainty3452/dbtether/api/v1alpha1/zz_generated.deepcopy.go:490.56,491.15 1 0
github.com/certainty3452/dbtether/api/v1alpha1/zz_generated.deepcopy.go:491.15,493.3 1 0
github.com/certainty3452/dbtether/api/v1alpha1/zz_generated.deepcopy.go:494.2,496.12 3 0
github.com/certainty3452/dbtether/api/v1alpha1/zz_generated.deepcopy.go:500.49,506.2 5 0
github.com/certainty3452/dbtether/api/v1alpha1/zz_generated.deepcopy.go:509.42,510.15 1 0
github.com/certainty3452/dbtether/api/v1alpha1/zz_generated.deepcopy.go:510.15,512.3 1 0
github.com/certainty3452/dbtether/api/v1alpha1/zz_generated.deepcopy.go:513.2,515.12 3 0
github.com/certainty3452/dbtether/api/v1alpha1/zz_generated.deepcopy.go:519.53,520.34 1 0
github.com/certainty3452/dbtether/api/v1alpha1/zz_generated.deepcopy.go:520.34,522.3 1 0
github.com/certainty3452/dbtether/api/v1alpha1/zz_generated.deepcopy.go:523.2,523.12 1 0
github.com/certainty3452/dbtether/api/v1alpha1/zz_generated.deepcopy.go:527.57,531.21 4 0
github.com/certainty3452/dbtether/api/v1alpha1/zz_generated.deepcopy.go:531.21,534.22 3 0
github.com/certainty3452/dbtether/api/v1alpha1/zz_generated.deepcopy.go:534.22,536.4 1 0
github.com/certainty3452/dbtether/api/v1alpha1/zz_generated.deepcopy.go:541.50,542.15 1 0
github.com/certainty3452/dbtether/api/v1alpha1/zz_generated.deepcopy.go:542.15,544.3 1 0
github.com/certainty3452/dbtether/api/v1alpha1/zz_generated.deepcopy.go:545.2,547.12 3 0
github.com/certainty3452/dbtether/api/v1alpha1/zz_generated.deepcopy.go:551.57,552.34 1 0
github.com/certainty3452/dbtether/api/v1alpha1/zz_generated.deepcopy.go:552.34,554.3 1 0
github.com/certainty3452/dbtether/api/v1alpha1/zz_generated.deepcopy.go:555.2,555.12 1 0
github.com/certainty3452/dbtether/api/v1alpha1/zz_generated.deepcopy.go:559.67,561.2 1 0
github.com/certainty3452/dbtether/api/v1alpha1/zz_generated.deepcopy.go:564.60,565.15 1 0
github.com/certainty3452/dbtether/api/v1alpha1/zz_generated.deepcopy.go:565.15,567.3 1 0
github.com/certainty3452/dbtether/api/v1alpha1/zz_generated.deepcopy.go:568.2,570.12 3 0
github.com/certainty3452/dbtether/api/v1alpha1/zz_generated.deepcopy.go:574.57,577.26 3 0
github.com/certainty3452/dbtether/api/v1alpha1/zz_generated.deepcopy.go:577.26,581.3 3 0
github.com/certainty3452/dbtether/api/v1alpha1/zz_generated.deepcopy.go:585.50,586.15 1 0
github.com/certainty3452/dbtether/api/v1alpha1/zz_generated.deepcopy.go:586.15,588.3 1 0
github.com/certainty3452/dbtether/api/v1alpha1/zz_generated.deepcopy.go:589.2,591.12 3 0
github.com/certainty3452/dbtether/api/v1alpha1/zz_generated.deepcopy.go:595.61,597.26 2 0
github.com/certainty3452/dbtether/api/v1alpha1/zz_generated.deepcopy.go:597.26,600.22 3 0
github.com/certainty3452/dbtether/api/v1alpha1/zz_generated.deepcopy.go:600.22,602.4 1 0
github.com/certainty3452/dbtether/api/v1alpha1/zz_generated.deepcopy.go:604.2,604.28 1 0
github.com/certainty3452/dbtether/api/v1alpha1/zz_generated.deepcopy.go:604.28,607.3 2 0
github.com/certainty3452/dbtether/api/v1alpha1/zz_generated.deepcopy.go:608.2,608.32 1 0
github.com/certainty3452/dbtether/api/v1alpha1/zz_generated.deepcopy.go:608.32,612.3 3 0
github.com/certainty3452/dbtether/api/v1alpha1/zz_generated.deepcopy.go:616.54,617.15 1 0
github.com/certainty3452/dbtether/api/v1alpha1/zz_generated.deepcopy.go:617.15,619.3 1 0
github.com/certainty3452/dbtether/api/v1alpha1/zz_generated.deepcopy.go:620.2,622.12 3 0
github.com/certainty3452/dbtether/api/v1alpha1/zz_generated.deepcopy.go:626.57,632.2 5 0
github.com/certainty3452/dbtether/api/v1alpha1/zz_generated.deepcopy.go:635.50,636.15 1 0
github.com/certainty3452/dbtether/api/v1alpha1/zz_generated.deepcopy.go:636.15,638.3 1 0
github.com/certainty3452/dbtether/api/v1alpha1/zz_generated.deepcopy.go:639.2,641.12 3 0
github.com/certainty3452/dbtether/api/v1alpha1/zz_generated.deepcopy.go:645.57,646.34 1 0
github.com/certainty3452/dbtether/api/v1alpha1/zz_generated.deepcopy.go:646.34,648.3 1 0
github.com/certainty3452/dbtether/api/v1alpha1/zz_generated.deepcopy.go:649.2,649.12 1 0
github.com/certainty3452/dbtether/api/v1alpha1/zz_generated.deepcopy.go:653.65,657.21 4 0
github.com/certainty3452/dbtether/api/v1alpha1/zz_generated.deepcopy.go:657.21,660.22 3 0
github.com/certainty3452/dbtether/api/v1alpha1/zz_generated.deepcopy.go:660.22,662.4 1 0
github.com/certainty3452/dbtether/api/v1alpha1/zz_generated.deepcopy.go:667.58,668.15 1 0
github.com/certainty3452/dbtether/api/v1alpha1/zz_generated.deepcopy.go:668.15,670.3 1 0
github.com/certainty3452/dbtether/api/v1alpha1/zz_generated.deepcopy.go:671.2,673.12 3 0
github.com/certainty3452/dbtether/api/v1alpha1/zz_generated.deepcopy.go:677.61,678.34 1 0
github.com/certainty3452/dbtether/api/v1alpha1/zz_generated.deepcopy.go:678.34,680.3 1 0
github.com/certainty3452/dbtether/api/v1alpha1/zz_generated.deepcopy.go:681.2,681.12 1 0
github.com/certainty3452/dbtether/api/v1alpha1/zz_generated.deepcopy.go:685.65,688.32 3 0
github.com/certainty3452/dbtether/api/v1alpha1/zz_generated.deepcopy.go:688.32,691.22 3 0
github.com/certainty3452/dbtether/api/v1alpha1/zz_generated.deepcopy.go:691.22,693.4 1 0
github.com/certainty3452/dbtether/api/v1alpha1/zz_generated.deepcopy.go:695.2,696.24 2 0
github.com/certainty3452/dbtether/api/v1alpha1/zz_generated.deepcopy.go:696.24,700.3 3 0
github.com/certainty3452/dbtether/api/v1alpha1/zz_generated.deepcopy.go:704.58,705.15 1 0
github.com/certainty3452/dbtether/api/v1alpha1/zz_generated.deepcopy.go:705.15,707.3 1 0
github.com/certainty3452/dbtether/api/v1alpha1/zz_generated.deepcopy.go:708.2,710.12 3 0
github.com/certainty3452/dbtether/api/v1alpha1/zz_generated.deepcopy.go:714.69,716.33 2 0
github.com/certainty3452/dbtether/api/v1alpha1/zz_generated.deepcopy.go:716.33,719.3 2 0
github.com/certainty3452/dbtether/api/v1alpha1/zz_generated.deepcopy.go:720.2,720.28 1 0
github.com/certainty3452/dbtether/api/v1alpha1/zz_generated.deepcopy.go:720.28,723.3 2 0
github.com/certainty3452/dbtether/api/v1alpha1/zz_generated.deepcopy.go:727.62,728.15 1 0
github.com/certainty3452/dbtether/api/v1alpha1/zz_generated.deepcopy.go:728.15,730.3 1 0
github.com/certainty3452/dbtether/api/v1alpha1/zz_generated.deepcopy.go:731.2,733.12 3 0
github.com/certainty3452/dbtether/api/v1alpha1/zz_generated.deepcopy.go:737.65,739.2 1 0
github.com/certainty3452/dbtether/api/v1alpha1/zz_generated.deepcopy.go:742.58,743.15 1 0
github.com/certainty3452/dbtether/api/v1alpha1/zz_generated.deepcopy.go:743.15,745.3 1 0
github.com/certainty3452/dbtether/api/v1alpha1/zz_generated.deepcopy.go:746.2,748.12 3 0
github.com/certainty3452/dbtether/api/v1alpha1/zz_generated.deepcopy.go:752.65,755.2 2 0
github.com/certainty3452/dbtether/api/v1alpha1/zz_generated.deepcopy.go:758.58,759.15 1 0
github.com/certainty3452/dbtether/api/v1alpha1/zz_generated.deepcopy.go:759.15,761.3 1 0
github.com/certainty3452/dbtether/api/v1alpha1/zz_generated.deepcopy.go:762.2,764.12 3 0
github.com/certainty3452/dbtether/api/v1alpha1/zz_generated.deepcopy.go:768.61,770.2 1 0
github.com/certainty3452/dbtether/api/v1alpha1/zz_generated.deepcopy.go:773.54,774.15 1 0
github.com/certainty3452/dbtether/api/v1alpha1/zz_generated.deepcopy.go:774.15,776.3 1 0
github.com/certainty3452/dbtether/api/v1alpha1/zz_generated.deepcopy.go:777.2,779.12 3 0
github.com/certainty3452/dbtether/api/v1alpha1/zz_generated.deepcopy.go:783.47,789.2 5 0
github.com/certainty3452/dbtether/api/v1alpha1/zz_generated.deepcopy.go:792.40,793.15 1 0
github.com/certainty3452/dbtether/api/v1alpha1/zz_generated.deepcopy.go:793.15,795.3 1 0
github.com/certainty3452/dbtether/api/v1alpha1/zz_generated.deepcopy.go:796.2,798.12 3 0
github.com/certainty3452/dbtether/api/v1alpha1/zz_generated.deepcopy.go:802.52,803.34 1 0
github.com/certainty3452/dbtether/api/v1alpha1/zz_generated.deepcopy.go:803.34,805.3 1 0
github.com/certainty3452/dbtether/api/v1alpha1/zz_generated.deepcopy.go:806.2,806.12 1 0
github.com/certainty3452/dbtether/api/v1alpha1/zz_generated.deepcopy.go:810.55,814.21 4 0
github.com/certainty3452/dbtether/api/v1alpha1/zz_generated.deepcopy.go:814.21,817.22 3 0
github.com/certainty3452/dbtether/api/v1alpha1/zz_generated.deepcopy.go:817.22,819.4 1 0
github.com/certainty3452/dbtether/api/v1alpha1/zz_generated.deepcopy.go:824.48,825.15 1 0
github.com/certainty3452/dbtether/api/v1alpha1/zz_generated.deepcopy.go:825.15,827.3 1 0
github.com/certainty3452/dbtether/api/v1alpha1/zz_generated.deepcopy.go:828.2,830.12 3 0
github.com/certainty3452/dbtether/api/v1alpha1/zz_generated.deepcopy.go:834.56,835.34 1 0
github.com/certainty3452/dbtether/api/v1alpha1/zz_generated.deepcopy.go:835.34,837.3 1 0
github.com/certainty3452/dbtether/api/v1alpha1/zz_generated.deepcopy.go:838.2,838.12 1 0
github.com/certainty3452/dbtether/api/v1alpha1/zz_generated.deepcopy.go:842.59,844.25 2 0
github.com/certainty3452/dbtether/api/v1alpha1/zz_generated.deepcopy.go:844.25,848.3 3 0
github.com/certainty3452/dbtether/api/v1alpha1/zz_generated.deepcopy.go:849.2,849.26 1 0
github.com/certainty3452/dbtether/api/v1alpha1/zz_generated.deepcopy.go:849.26,853.3 3 0
github.com/certainty3452/dbtether/api/v1alpha1/zz_generated.deepcopy.go:854.2,854.26 1 0
github.com/certainty3452/dbtether/api/v1alpha1/zz_generated.deepcopy.go:854.26,858.3 3 0
github.com/certainty3452/dbtether/api/v1alpha1/zz_generated.deepcopy.go:862.52,863.15 1 0
github.com/certainty3452/dbtether/api/v1alpha1/zz_generated.deepcopy.go:863.15,865.3 1 0
github.com/certainty3452/dbtether/api/v1alpha1/zz_generated.deepcopy.go:866.2,868.12 3 0
github.com/certainty3452/dbtether/api/v1alpha1/zz_generated.deepcopy.go:872.55,876.34 4 0
github.com/certainty3452/dbtether/api/v1alpha1/zz_generated.deepcopy.go:876.34,880.3 3 0
github.com/certainty3452/dbtether/api/v1alpha1/zz_generated.deepcopy.go:884.48,885.15 1 0
github.com/certainty3452/dbtether/api/v1alpha1/zz_generated.deepcopy.go:885.15,887.3 1 0
github.com/certainty3452/dbtether/api/v1alpha1/zz_generated.deepcopy.go:888.2,890.12 3 0
github.com/certainty3452/dbtether/api/v1alpha1/zz_generated.deepcopy.go:894.59,896.25 2 0
github.com/certainty3452/dbtether/api/v1alpha1/zz_generated.deepcopy.go:896.25,899.3 2 0
github.com/certainty3452/dbtether/api/v1alpha1/zz_generated.deepcopy.go:900.2,900.27 1 0
github.com/certainty3452/dbtether/api/v1alpha1/zz_generated.deepcopy.go:900.27,903.3 2 0
github.com/certainty3452/dbtether/api/v1alpha1/zz_generated.deepcopy.go:907.52,908.15 1 0
github.com/certainty3452/dbtether/api/v1alpha1/zz_generated.deepcopy.go:908.15,910.3 1 0
github.com/certainty3452/dbtether/api/v1alpha1/zz_generated.deepcopy.go:911.2,913.12 3 0
github.com/certainty3452/dbtether/api/v1alpha1/zz_generated.deepcopy.go:917.59,920.2 2 0
github.com/certainty3452/dbtether/api/v1alpha1/zz_generated.deepcopy.go:923.52,924.15 1 0
github.com/certainty3452/dbtether/api/v1alpha1/zz_generated.deepcopy.go:924.15,926.3 1 0
github.com/certainty3452/dbtether/api/v1alpha1/zz_generated.deepcopy.go:927.2,929.12 3 0
github.com/certainty3452/dbtether/api/v1alpha1/zz_generated.deepcopy.go:933.63,935.24 2 0
github.com/certainty3452/dbtether/api/v1alpha1/zz_generated.deepcopy.go:935.24,939.3 3 0
github.com/certainty3452/dbtether/api/v1alpha1/zz_generated.deepcopy.go:940.2,940.25 1 0
github.com/certainty3452/dbtether/api/v1alpha1/zz_generated.deepcopy.go:940.25,944.3 3 0
github.com/certainty3452/dbtether/api/v1alpha1/zz_generated.deepcopy.go:945.2,945.26 1 0
github.com/certainty3452/dbtether/api/v1alpha1/zz_generated.deepcopy.go:945.26,949.3 3 0
github.com/certainty3452/dbtether/api/v1alpha1/zz_generated.deepcopy.go:950.2,950.27 1 0
github.com/certainty3452/dbtether/api/v1alpha1/zz_generated.deepcopy.go:950.27,954.3 3 0
github.com/certainty3452/dbtether/api/v1alpha1/zz_generated.deepcopy.go:958.56,959.15 1 0
github.com/certainty3452/dbtether/api/v1alpha1/zz_generated.deepcopy.go:959.15,961.3 1 0
github.com/certainty3452/dbtether/api/v1alpha1/zz_generated.deepcopy.go:962.2,964.12 3 0
github.com/certainty3452/dbtether/api/v1alpha1/zz_generated.deepcopy.go:968.61,970.2 1 0
github.com/certainty3452/dbtether/api/v1alpha1/zz_generated.deepcopy.go:973.54,974.15 1 0
github.com/certainty3452/dbtether/api/v1alpha1/zz_generated.deepcopy.go:974.15,976.3 1 0
github.com/certainty3452/dbtether/api/v1alpha1/zz_generated.deepcopy.go:977.2,979.12 3 0
github.com/certainty3452/dbtether/api/v1alpha1/zz_generated.deepcopy.go:983.63,985.2 1 0
github.com/certainty3452/dbtether/api/v1alpha1/zz_generated.deepcopy.go:988.56,989.15 1 0
github.com/certainty3452/dbtether/api/v1alpha1/zz_generated.deepcopy.go:989.15,991.3 1 0
github.com/certainty3452/dbtether/api/v1alpha1/zz_generated.deepcopy.go:992.2,994.12 3 0
github.com/certainty3452/dbtether/api/v1alpha1/zz_generated.deepcopy.go:998.63,1000.2 1 0
github.com/certainty3452/dbtether/api/v1alpha1/zz_generated.deepcopy.go:1003.56,1004.15 1 0
github.com/certainty3452/dbtether/api/v1alpha1/zz_generated.deepcopy.go:1004.15,1006.3 1 0
github.com/certainty3452/dbtether/api/v1alpha1/zz_generated.deepcopy.go:1007.2,1009.12 3 0
github.com/certainty3452/dbtether/api/v1alpha1/zz_generated.deepcopy.go:1013.65,1015.2 1 0
github.com/certainty3452/dbtether/api/v1alpha1/zz_generated.deepcopy.go:1018.58,1019.15 1 0
github.com/certainty3452/dbtether/api/v1alpha1/zz_generated.deepcopy.go:1019.15,1021.3 1 0
github.com/certainty3452/dbtether/api/v1alpha1/zz_generated.deepcopy.go:1022.2,1024.12 3 0
github.com/certainty3452/dbtether/api/v1alpha1/zz_generated.deepcopy.go:1028.53,1030.22 2 0
github.com/certainty3452/dbtether/api/v1alpha1/zz_generated.deepcopy.go:1030.22,1034.3 3 0
github.com/certainty3452/dbtether/api/v1alpha1/zz_generated.deepcopy.go:1035.2,1035.26 1 0
github.com/certainty3452/dbtether/api/v1alpha1/zz_generated.deepcopy.go:1035.26,1039.3 3 0
github.com/certainty3452/dbtether/api/v1alpha1/zz_generated.deepcopy.go:1043.46,1044.15 1 0
github.com/certainty3452/dbtether/api/v1alpha1/zz_generated.deepcopy.go:1044.15,1046.3 1 0
github.com/certainty3452/dbtether/api/v1alpha1/zz_generated.deepcopy.go:1047.2,1049.12 3 0
github.com/certainty3452/dbtether/controllers/database_controller.go:37.85,38.32 1 1
github.com/certainty3452/dbtether/controllers/database_controller.go:38.32,40.3 1 1
github.com/certainty3452/dbtether/controllers/database_controller.go:41.2,41.46 1 1
github.com/certainty3452/dbtether/controllers/database_controller.go:44.100,46.60 2 0
github.com/certainty3452/dbtether/controllers/database_controller.go:46.60,48.3 1 0
github.com/certainty3452/dbtether/controllers/database_controller.go:50.2,52.36 2 0
github.com/certainty3452/dbtether/controllers/database_controller.go:52.36,54.3 1 0
github.com/certainty3452/dbtether/controllers/database_controller.go:56.2,56.77 1 0
github.com/certainty3452/dbtether/controllers/database_controller.go:56.77,58.3 1 0
github.com/certainty3452/dbtether/controllers/database_controller.go:60.2,61.33 2 0
github.com/certainty3452/dbtether/controllers/database_controller.go:61.33,63.3 1 0
github.com/certainty3452/dbtether/controllers/database_controller.go:65.2,65.47 1 0
github.com/certainty3452/dbtether/controllers/database_controller.go:68.121,69.57 1 0
github.com/certainty3452/dbtether/controllers/database_controller.go:69.57,71.3 1 0
github.com/certainty3452/dbtether/controllers/database_controller.go:73.2,74.42 2 0
github.com/certainty3452/dbtether/controllers/database_controller.go:74.42,76.3 1 0
github.com/certainty3452/dbtether/controllers/database_controller.go:77.2,77.28 1 0
github.com/certainty3452/dbtether/controllers/database_controller.go:80.151,82.98 2 0
github.com/certainty3452/dbtether/controllers/database_controller.go:82.98,83.29 1 0
github.com/certainty3452/dbtether/controllers/database_controller.go:83.29,87.4 2 0
github.com/certainty3452/dbtether/controllers/database_controller.go:88.3,88.34 1 0
github.com/certainty3452/dbtether/controllers/database_controller.go:91.2,91.41 1 0
github.com/certainty3452/dbtether/controllers/database_controller.go:91.41,95.3 2 0
github.com/certainty3452/dbtether/controllers/database_controller.go:97.2,97.27 1 0
github.com/certainty3452/dbtether/controllers/database_controller.go:100.160,102.16 2 0
github.com/certainty3452/dbtether/controllers/database_controller.go:102.16,104.3 1 0
github.com/certainty3452/dbtether/controllers/database_controller.go:106.2,106.56 1 0
github.com/certainty3452/dbtether/controllers/database_controller.go:106.56,108.3 1 0
github.com/certainty3452/dbtether/controllers/database_controller.go:110.2,111.16 2 0
github.com/certainty3452/dbtether/controllers/database_controller.go:111.16,113.3 1 0
github.com/certainty3452/dbtether/controllers/database_controller.go:116.2,116.93 1 0
github.com/certainty3452/dbtether/controllers/database_controller.go:116.93,121.3 1 0
github.com/certainty3452/dbtether/controllers/database_controller.go:123.2,125.62 2 0
github.com/certainty3452/dbtether/controllers/database_controller.go:125.62,127.3 1 0
github.com/certainty3452/dbtether/controllers/database_controller.go:129.2,130.59 2 0
github.com/certainty3452/dbtether/controllers/database_controller.go:133.110,134.91 1 0
github.com/certainty3452/dbtether/controllers/database_controller.go:134.91,136.3 1 0
github.com/certainty3452/dbtether/controllers/database_controller.go:137.2,138.12 2 0
github.com/certainty3452/dbtether/controllers/database_controller.go:143.168,151.16 4 0
github.com/certainty3452/dbtether/controllers/database_controller.go:151.16,153.3 1 0
github.com/certainty3452/dbtether/controllers/database_controller.go:155.2,155.33 1 0
github.com/certainty3452/dbtether/controllers/database_controller.go:155.33,156.67 1 0
github.com/certainty3452/dbtether/controllers/database_controller.go:156.67,158.4 1 0
github.com/certainty3452/dbtether/controllers/database_controller.go:161.2,161.30 1 0
github.com/certainty3452/dbtether/controllers/database_controller.go:164.141,165.34 1 0
github.com/certainty3452/dbtether/controllers/database_controller.go:165.34,167.3 1 0
github.com/certainty3452/dbtether/controllers/database_controller.go:168.2,168.82 1 0
github.com/certainty3452/dbtether/controllers/database_controller.go:171.135,172.36 1 0
github.com/certainty3452/dbtether/controllers/database_controller.go:172.36,175.3 1 0
github.com/certainty3452/dbtether/controllers/database_controller.go:176.2,176.98 1 0
github.com/certainty3452/dbtether/controllers/database_controller.go:179.119,180.58 1 0
github.com/certainty3452/dbtether/controllers/database_controller.go:180.58,182.3 1 0
github.com/certainty3452/dbtether/controllers/database_controller.go:184.2,187.84 3 0
github.com/certainty3452/dbtether/controllers/database_controller.go:187.84,189.3 1 0
github.com/certainty3452/dbtether/controllers/database_controller.go:191.2,191.40 1 0
github.com/certainty3452/dbtether/controllers/database_controller.go:191.40,192.59 1 0
github.com/certainty3452/dbtether/controllers/database_controller.go:192.59,194.4 1 0
github.com/certainty3452/dbtether/controllers/database_controller.go:195.8,197.65 1 0
github.com/certainty3452/dbtether/controllers/database_controller.go:197.65,199.4 1 0
github.com/certainty3452/dbtether/controllers/database_controller.go:202.2,203.41 2 0
github.com/certainty3452/dbtether/controllers/database_controller.go:206.112,210.98 3 0
github.com/certainty3452/dbtether/controllers/database_controller.go:210.98,211.29 1 0
github.com/certainty3452/dbtether/controllers/database_controller.go:211.29,214.4 2 0
github.com/certainty3452/dbtether/controllers/database_controller.go:215.3,215.13 1 0
github.com/certainty3452/dbtether/controllers/database_controller.go:218.2,219.16 2 0
github.com/certainty3452/dbtether/controllers/database_controller.go:219.16,221.3 1 0
github.com/certainty3452/dbtether/controllers/database_controller.go:223.2,225.43 3 0
github.com/certainty3452/dbtether/controllers/database_controller.go:228.118,232.98 3 0
github.com/certainty3452/dbtether/controllers/database_controller.go:232.98,233.29 1 0
github.com/certainty3452/dbtether/controllers/database_controller.go:233.29,236.4 2 0
github.com/certainty3452/dbtether/controllers/database_controller.go:237.3,237.13 1 0
github.com/certainty3452/dbtether/controllers/database_controller.go:240.2,241.16 2 0
github.com/certainty3452/dbtether/controllers/database_controller.go:241.16,243.3 1 0
github.com/certainty3452/dbtether/controllers/database_controller.go:245.2,247.49 3 0
github.com/certainty3452/dbtether/controllers/database_controller.go:250.141,255.26 2 0
github.com/certainty3452/dbtether/controllers/database_controller.go:255.26,257.3 1 0
github.com/certainty3452/dbtether/controllers/database_controller.go:259.2,261.38 3 0
github.com/certainty3452/dbtether/controllers/database_controller.go:261.38,263.3 1 0
github.com/certainty3452/dbtether/controllers/database_controller.go:265.2,271.4 1 0
github.com/certainty3452/dbtether/controllers/database_controller.go:274.137,278.46 2 0
github.com/certainty3452/dbtether/controllers/database_controller.go:278.46,280.36 2 0
github.com/certainty3452/dbtether/controllers/database_controller.go:280.36,282.4 1 0
github.com/certainty3452/dbtether/controllers/database_controller.go:282.9,282.67 1 0
github.com/certainty3452/dbtether/controllers/database_controller.go:282.67,285.4 2 0
github.com/certainty3452/dbtether/controllers/database_controller.go:286.8,288.3 1 0
github.com/certainty3452/dbtether/controllers/database_controller.go:290.2,295.57 5 0
github.com/certainty3452/dbtether/controllers/database_controller.go:295.57,297.3 1 0
github.com/certainty3452/dbtether/controllers/database_controller.go:298.2,298.27 1 0
github.com/certainty3452/dbtether/controllers/database_controller.go:301.169,302.64 1 0
github.com/certainty3452/dbtether/controllers/database_controller.go:302.64,304.3 1 0
github.com/certainty3452/dbtether/controllers/database_controller.go:305.2,305.46 1 0
github.com/certainty3452/dbtether/controllers/database_controller.go:308.71,312.2 1 0
github.com/certainty3452/dbtether/controllers/databaseuser_controller.go:38.104,42.62 3 0
github.com/certainty3452/dbtether/controllers/databaseuser_controller.go:42.62,44.3 1 0
github.com/certainty3452/dbtether/controllers/databaseuser_controller.go:46.2,49.87 2 0
github.com/certainty3452/dbtether/controllers/databaseuser_controller.go:49.87,52.112 3 0
github.com/certainty3452/dbtether/controllers/databaseuser_controller.go:52.112,54.4 1 0
github.com/certainty3452/dbtether/controllers/databaseuser_controller.go:55.3,55.81 1 0
github.com/certainty3452/dbtether/controllers/databaseuser_controller.go:57.2,59.38 2 0
github.com/certainty3452/dbtether/controllers/databaseuser_controller.go:59.38,61.3 1 0
github.com/certainty3452/dbtether/controllers/databaseuser_controller.go:63.2,63.79 1 0
github.com/certainty3452/dbtether/controllers/databaseuser_controller.go:63.79,65.3 1 0
github.com/certainty3452/dbtether/controllers/databaseuser_controller.go:67.2,68.33 2 0
github.com/certainty3452/dbtether/controllers/databaseuser_controller.go:68.33,70.3 1 0
github.com/certainty3452/dbtether/controllers/databaseuser_controller.go:72.2,72.88 1 0
github.com/certainty3452/dbtether/controllers/databaseuser_controller.go:72.88,74.3 1 0
github.com/certainty3452/dbtether/controllers/databaseuser_controller.go:76.2,76.49 1 0
github.com/certainty3452/dbtether/controllers/databaseuser_controller.go:79.91,80.30 1 1
github.com/certainty3452/dbtether/controllers/databaseuser_controller.go:80.30,82.3 1 1
github.com/certainty3452/dbtether/controllers/databaseuser_controller.go:83.2,83.48 1 1
github.com/certainty3452/dbtether/controllers/databaseuser_controller.go:86.97,87.32 1 1
github.com/certainty3452/dbtether/controllers/databaseuser_controller.go:87.32,89.3 1 1
github.com/certainty3452/dbtether/controllers/databaseuser_controller.go:90.2,90.46 1 1
github.com/certainty3452/dbtether/controllers/databaseuser_controller.go:93.131,94.63 1 0
github.com/certainty3452/dbtether/controllers/databaseuser_controller.go:94.63,96.3 1 0
github.com/certainty3452/dbtether/controllers/databaseuser_controller.go:97.2,98.44 2 0
github.com/certainty3452/dbtether/controllers/databaseuser_controller.go:98.44,100.3 1 0
github.com/certainty3452/dbtether/controllers/databaseuser_controller.go:101.2,101.28 1 0
github.com/certainty3452/dbtether/controllers/databaseuser_controller.go:105.56,107.43 1 0
github.com/certainty3452/dbtether/controllers/databaseuser_controller.go:107.43,108.52 1 0
github.com/certainty3452/dbtether/controllers/databaseuser_controller.go:108.52,110.4 1 0
github.com/certainty3452/dbtether/controllers/databaseuser_controller.go:113.2,113.77 1 0
github.com/certainty3452/dbtether/controllers/databaseuser_controller.go:113.77,115.3 1 0
github.com/certainty3452/dbtether/controllers/databaseuser_controller.go:116.2,116.44 1 0
github.com/certainty3452/dbtether/controllers/databaseuser_controller.go:116.44,118.3 1 0
github.com/certainty3452/dbtether/controllers/databaseuser_controller.go:119.2,119.28 1 0
github.com/certainty3452/dbtether/controllers/databaseuser_controller.go:123.82,126.23 2 0
github.com/certainty3452/dbtether/controllers/databaseuser_controller.go:126.23,128.3 1 0
github.com/certainty3452/dbtether/controllers/databaseuser_controller.go:130.2,134.22 2 0
github.com/certainty3452/dbtether/controllers/databaseuser_controller.go:134.22,135.29 1 0
github.com/certainty3452/dbtether/controllers/databaseuser_controller.go:135.29,140.4 2 0
github.com/certainty3452/dbtether/controllers/databaseuser_controller.go:141.3,141.39 1 0
github.com/certainty3452/dbtether/controllers/databaseuser_controller.go:144.2,144.32 1 0
github.com/certainty3452/dbtether/controllers/databaseuser_controller.go:144.32,149.3 2 0
github.com/certainty3452/dbtether/controllers/databaseuser_controller.go:151.2,152.98 2 0
github.com/certainty3452/dbtether/controllers/databaseuser_controller.go:152.98,153.29 1 0
github.com/certainty3452/dbtether/controllers/databaseuser_controller.go:153.29,158.4 2 0
github.com/certainty3452/dbtether/controllers/databaseuser_controller.go:159.3,159.39 1 0
github.com/certainty3452/dbtether/controllers/databaseuser_controller.go:162.2,162.41 1 0
github.com/certainty3452/dbtether/controllers/databaseuser_controller.go:162.41,167.3 2 0
github.com/certainty3452/dbtether/controllers/databaseuser_controller.go:169.2,169.32 1 0
github.com/certainty3452/dbtether/controllers/databaseuser_controller.go:173.93,187.16 6 0
github.com/certainty3452/dbtether/controllers/databaseuser_controller.go:187.16,192.3 4 0
github.com/certainty3452/dbtether/controllers/databaseuser_controller.go:194.2,195.16 2 0
github.com/certainty3452/dbtether/controllers/databaseuser_controller.go:195.16,199.3 3 0
github.com/certainty3452/dbtether/controllers/databaseuser_controller.go:201.2,201.82 1 0
github.com/certainty3452/dbtether/controllers/databaseuser_controller.go:201.82,206.3 4 0
github.com/certainty3452/dbtether/controllers/databaseuser_controller.go:208.2,208.81 1 0
github.com/certainty3452/dbtether/controllers/databaseuser_controller.go:208.81,213.3 4 0
github.com/certainty3452/dbtether/controllers/databaseuser_controller.go:215.2,224.44 8 0
github.com/certainty3452/dbtether/controllers/databaseuser_controller.go:227.98,228.63 1 1
github.com/certainty3452/dbtether/controllers/databaseuser_controller.go:228.63,230.3 1 1
github.com/certainty3452/dbtether/controllers/databaseuser_controller.go:231.2,231.42 1 1
github.com/certainty3452/dbtether/controllers/databaseuser_controller.go:231.42,233.3 1 1
github.com/certainty3452/dbtether/controllers/databaseuser_controller.go:234.2,236.21 3 1
github.com/certainty3452/dbtether/controllers/databaseuser_controller.go:239.108,240.63 1 1
github.com/certainty3452/dbtether/controllers/databaseuser_controller.go:240.63,242.3 1 1
github.com/certainty3452/dbtether/controllers/databaseuser_controller.go:243.2,243.42 1 1
github.com/certainty3452/dbtether/controllers/databaseuser_controller.go:243.42,245.3 1 1
github.com/certainty3452/dbtether/controllers/databaseuser_controller.go:247.2,251.18 4 1
github.com/certainty3452/dbtether/controllers/databaseuser_controller.go:251.18,253.3 1 1
github.com/certainty3452/dbtether/controllers/databaseuser_controller.go:254.2,254.16 1 1
github.com/certainty3452/dbtether/controllers/databaseuser_controller.go:258.35,261.16 2 0
github.com/certainty3452/dbtether/controllers/databaseuser_controller.go:261.16,263.3 1 0
github.com/certainty3452/dbtether/controllers/databaseuser_controller.go:265.2,265.12 1 0
github.com/certainty3452/dbtether/controllers/databaseuser_controller.go:265.12,266.71 1 0
github.com/certainty3452/dbtether/controllers/databaseuser_controller.go:266.71,268.4 1 0
github.com/certainty3452/dbtether/controllers/databaseuser_controller.go:269.3,269.13 1 0
github.com/certainty3452/dbtether/controllers/databaseuser_controller.go:272.2,272.69 1 0
github.com/certainty3452/dbtether/controllers/databaseuser_controller.go:272.69,274.3 1 0
github.com/certainty3452/dbtether/controllers/databaseuser_controller.go:275.2,275.12 1 0
github.com/certainty3452/dbtether/controllers/databaseuser_controller.go:279.95,283.72 2 0
github.com/certainty3452/dbtether/controllers/databaseuser_controller.go:283.72,285.3 1 0
github.com/certainty3452/dbtether/controllers/databaseuser_controller.go:287.2,287.99 1 0
github.com/certainty3452/dbtether/controllers/databaseuser_controller.go:287.99,289.3 1 0
github.com/certainty3452/dbtether/controllers/databaseuser_controller.go:291.2,292.47 2 0
github.com/certainty3452/dbtether/controllers/databaseuser_controller.go:292.47,297.3 1 0
github.com/certainty3452/dbtether/controllers/databaseuser_controller.go:299.2,299.135 1 0
github.com/certainty3452/dbtether/controllers/databaseuser_controller.go:299.135,301.3 1 0
github.com/certainty3452/dbtether/controllers/databaseuser_controller.go:303.2,303.36 1 0
github.com/certainty3452/dbtether/controllers/databaseuser_controller.go:303.36,304.95 1 0
github.com/certainty3452/dbtether/controllers/databaseuser_controller.go:304.95,306.4 1 0
github.com/certainty3452/dbtether/controllers/databaseuser_controller.go:309.2,309.12 1 0
github.com/certainty3452/dbtether/controllers/databaseuser_controller.go:313.37,317.16 3 0
github.com/certainty3452/dbtether/controllers/databaseuser_controller.go:317.16,320.3 2 0
github.com/certainty3452/dbtether/controllers/databaseuser_controller.go:322.2,323.25 2 0
github.com/certainty3452/dbtether/controllers/databaseuser_controller.go:323.25,327.3 1 0
github.com/certainty3452/dbtether/controllers/databaseuser_controller.go:332.100,342.16 6 0
github.com/certainty3452/dbtether/controllers/databaseuser_controller.go:342.16,343.35 1 0
github.com/certainty3452/dbtether/controllers/databaseuser_controller.go:343.35,345.4 1 0
github.com/certainty3452/dbtether/controllers/databaseuser_controller.go:346.3,346.74 1 0
github.com/certainty3452/dbtether/controllers/databaseuser_controller.go:349.2,349.29 1 0
github.com/certainty3452/dbtether/controllers/databaseuser_controller.go:349.29,351.3 1 0
github.com/certainty3452/dbtether/controllers/databaseuser_controller.go:354.2,357.17 3 0
github.com/certainty3452/dbtether/controllers/databaseuser_controller.go:357.17,359.3 1 0
github.com/certainty3452/dbtether/controllers/databaseuser_controller.go:360.2,361.16 2 0
github.com/certainty3452/dbtether/controllers/databaseuser_controller.go:361.16,363.3 1 0
github.com/certainty3452/dbtether/controllers/databaseuser_controller.go:366.2,366.20 1 0
github.com/certainty3452/dbtether/controllers/databaseuser_controller.go:366.20,368.71 2 0
github.com/certainty3452/dbtether/controllers/databaseuser_controller.go:368.71,370.4 1 0
github.com/certainty3452/dbtether/controllers/databaseuser_controller.go:373.2,390.86 2 0
github.com/certainty3452/dbtether/controllers/databaseuser_controller.go:390.86,392.3 1 0
github.com/certainty3452/dbtether/controllers/databaseuser_controller.go:394.2,394.46 1 0
github.com/certainty3452/dbtether/controllers/databaseuser_controller.go:394.46,396.3 1 0
github.com/certainty3452/dbtether/controllers/databaseuser_controller.go:398.2,398.40 1 0
github.com/certainty3452/dbtether/controllers/databaseuser_controller.go:403.117,411.17 5 0
github.com/certainty3452/dbtether/controllers/databaseuser_controller.go:411.17,413.3 1 0
github.com/certainty3452/dbtether/controllers/databaseuser_controller.go:414.2,415.16 2 0
github.com/certainty3452/dbtether/controllers/databaseuser_controller.go:415.16,417.3 1 0
github.com/certainty3452/dbtether/controllers/databaseuser_controller.go:420.2,420.70 1 0
github.com/certainty3452/dbtether/controllers/databaseuser_controller.go:420.70,422.3 1 0
github.com/certainty3452/dbtether/controllers/databaseuser_controller.go:425.2,431.46 6 0
github.com/certainty3452/dbtether/controllers/databaseuser_controller.go:431.46,433.3 1 0
github.com/certainty3452/dbtether/controllers/databaseuser_controller.go:435.2,436.40 2 0
github.com/certainty3452/dbtether/controllers/databaseuser_controller.go:439.129,440.64 1 0
github.com/certainty3452/dbtether/controllers/databaseuser_controller.go:440.64,442.3 1 0
github.com/certainty3452/dbtether/controllers/databaseuser_controller.go:444.2,448.42 4 0
github.com/certainty3452/dbtether/controllers/databaseuser_controller.go:448.42,450.3 1 0
github.com/certainty3452/dbtether/controllers/databaseuser_controller.go:450.8,452.3 1 0
github.com/certainty3452/dbtether/controllers/databaseuser_controller.go:454.2,455.43 2 0
github.com/certainty3452/dbtether/controllers/databaseuser_controller.go:459.19,464.23 3 0
github.com/certainty3452/dbtether/controllers/databaseuser_controller.go:464.23,467.3 2 0
github.com/certainty3452/dbtether/controllers/databaseuser_controller.go:469.2,470.86 2 0
github.com/certainty3452/dbtether/controllers/databaseuser_controller.go:470.86,473.3 2 0
github.com/certainty3452/dbtether/controllers/databaseuser_controller.go:475.2,476.16 2 0
github.com/certainty3452/dbtether/controllers/databaseuser_controller.go:476.16,479.3 2 0
github.com/certainty3452/dbtether/controllers/databaseuser_controller.go:481.2,481.24 1 0
github.com/certainty3452/dbtether/controllers/databaseuser_controller.go:481.24,482.90 1 0
github.com/certainty3452/dbtether/controllers/databaseuser_controller.go:482.90,484.4 1 0
github.com/certainty3452/dbtether/controllers/databaseuser_controller.go:487.2,487.57 1 0
github.com/certainty3452/dbtether/controllers/databaseuser_controller.go:487.57,489.3 1 0
github.com/certainty3452/dbtether/controllers/databaseuser_controller.go:489.8,491.3 1 0
github.com/certainty3452/dbtether/controllers/databaseuser_controller.go:494.161,496.35 1 0
github.com/certainty3452/dbtether/controllers/databaseuser_controller.go:496.35,498.3 1 0
github.com/certainty3452/dbtether/controllers/databaseuser_controller.go:501.2,502.23 2 0
github.com/certainty3452/dbtether/controllers/databaseuser_controller.go:502.23,504.3 1 0
github.com/certainty3452/dbtether/controllers/databaseuser_controller.go:506.2,510.22 2 0
github.com/certainty3452/dbtether/controllers/databaseuser_controller.go:510.22,512.3 1 0
github.com/certainty3452/dbtether/controllers/databaseuser_controller.go:514.2,514.64 1 0
github.com/certainty3452/dbtether/controllers/databaseuser_controller.go:517.145,522.26 2 0
github.com/certainty3452/dbtether/controllers/databaseuser_controller.go:522.26,524.3 1 0
github.com/certainty3452/dbtether/controllers/databaseuser_controller.go:526.2,528.38 3 0
github.com/certainty3452/dbtether/controllers/databaseuser_controller.go:528.38,530.3 1 0
github.com/certainty3452/dbtether/controllers/databaseuser_controller.go:532.2,538.4 1 0
github.com/certainty3452/dbtether/controllers/databaseuser_controller.go:553.146,565.59 7 0
github.com/certainty3452/dbtether/controllers/databaseuser_controller.go:565.59,567.3 1 0
github.com/certainty3452/dbtether/controllers/databaseuser_controller.go:568.2,568.29 1 0
github.com/certainty3452/dbtether/controllers/databaseuser_controller.go:568.29,570.3 1 0
github.com/certainty3452/dbtether/controllers/databaseuser_controller.go:571.2,571.27 1 0
github.com/certainty3452/dbtether/controllers/databaseuser_controller.go:574.115,575.31 1 0
github.com/certainty3452/dbtether/controllers/databaseuser_controller.go:575.31,577.38 2 0
github.com/certainty3452/dbtether/controllers/databaseuser_controller.go:577.38,579.4 1 0
github.com/certainty3452/dbtether/controllers/databaseuser_controller.go:579.9,579.69 1 0
github.com/certainty3452/dbtether/controllers/databaseuser_controller.go:579.69,582.4 2 0
github.com/certainty3452/dbtether/controllers/databaseuser_controller.go:583.8,585.3 1 0
github.com/certainty3452/dbtether/controllers/databaseuser_controller.go:588.112,589.30 1 0
github.com/certainty3452/dbtether/controllers/databaseuser_controller.go:589.30,591.3 1 0
github.com/certainty3452/dbtether/controllers/databaseuser_controller.go:592.2,592.31 1 0
github.com/certainty3452/dbtether/controllers/databaseuser_controller.go:592.31,594.3 1 0
github.com/certainty3452/dbtether/controllers/databaseuser_controller.go:595.2,595.27 1 0
github.com/certainty3452/dbtether/controllers/databaseuser_controller.go:595.27,597.3 1 0
github.com/certainty3452/dbtether/controllers/databaseuser_controller.go:598.2,598.29 1 0
github.com/certainty3452/dbtether/controllers/databaseuser_controller.go:598.29,600.3 1 0
github.com/certainty3452/dbtether/controllers/databaseuser_controller.go:601.2,601.97 1 0
github.com/certainty3452/dbtether/controllers/databaseuser_controller.go:601.97,604.3 2 0
github.com/certainty3452/dbtether/controllers/databaseuser_controller.go:607.75,612.2 1 0
github.com/certainty3452/dbtether/controllers/dbcluster_controller.go:35.101,39.65 3 0
github.com/certainty3452/dbtether/controllers/dbcluster_controller.go:39.65,40.29 1 0
github.com/certainty3452/dbtether/controllers/dbcluster_controller.go:40.29,43.4 2 0
github.com/certainty3452/dbtether/controllers/dbcluster_controller.go:44.3,44.28 1 0
github.com/certainty3452/dbtether/controllers/dbcluster_controller.go:47.2,50.16 3 0
github.com/certainty3452/dbtether/controllers/dbcluster_controller.go:50.16,53.3 2 0
github.com/certainty3452/dbtether/controllers/dbcluster_controller.go:55.2,64.16 3 0
github.com/certainty3452/dbtether/controllers/dbcluster_controller.go:64.16,67.3 2 0
github.com/certainty3452/dbtether/controllers/dbcluster_controller.go:69.2,69.43 1 0
github.com/certainty3452/dbtether/controllers/dbcluster_controller.go:69.43,73.3 3 0
github.com/certainty3452/dbtether/controllers/dbcluster_controller.go:75.2,78.104 3 0
github.com/certainty3452/dbtether/controllers/dbcluster_controller.go:78.104,80.3 1 0
github.com/certainty3452/dbtether/controllers/dbcluster_controller.go:82.2,82.19 1 0
github.com/certainty3452/dbtether/controllers/dbcluster_controller.go:82.19,84.3 1 0
github.com/certainty3452/dbtether/controllers/dbcluster_controller.go:86.2,86.60 1 0
github.com/certainty3452/dbtether/controllers/dbcluster_controller.go:89.144,94.31 4 0
github.com/certainty3452/dbtether/controllers/dbcluster_controller.go:94.31,96.3 1 0
github.com/certainty3452/dbtether/controllers/dbcluster_controller.go:98.2,98.15 1 0
github.com/certainty3452/dbtether/controllers/dbcluster_controller.go:98.15,100.3 1 0
github.com/certainty3452/dbtether/controllers/dbcluster_controller.go:102.2,102.18 1 0
github.com/certainty3452/dbtether/controllers/dbcluster_controller.go:102.18,104.3 1 0
github.com/certainty3452/dbtether/controllers/dbcluster_controller.go:106.2,106.98 1 0
github.com/certainty3452/dbtether/controllers/dbcluster_controller.go:109.135,111.20 2 0
github.com/certainty3452/dbtether/controllers/dbcluster_controller.go:111.20,113.3 1 0
github.com/certainty3452/dbtether/controllers/dbcluster_controller.go:115.2,116.20 2 0
github.com/certainty3452/dbtether/controllers/dbcluster_controller.go:116.20,118.3 1 0
github.com/certainty3452/dbtether/controllers/dbcluster_controller.go:120.2,120.32 1 0
github.com/certainty3452/dbtether/controllers/dbcluster_controller.go:123.156,129.16 3 0
github.com/certainty3452/dbtether/controllers/dbcluster_controller.go:129.16,131.3 1 0
github.com/certainty3452/dbtether/controllers/dbcluster_controller.go:133.2,136.38 3 0
github.com/certainty3452/dbtether/controllers/dbcluster_controller.go:136.38,138.3 1 0
github.com/certainty3452/dbtether/controllers/dbcluster_controller.go:140.2,140.32 1 0
github.com/certainty3452/dbtether/controllers/dbcluster_controller.go:143.156,150.19 6 0
github.com/certainty3452/dbtether/controllers/dbcluster_controller.go:150.19,152.3 1 0
github.com/certainty3452/dbtether/controllers/dbcluster_controller.go:154.2,154.62 1 0
github.com/certainty3452/dbtether/controllers/dbcluster_controller.go:154.62,156.3 1 0
github.com/certainty3452/dbtether/controllers/dbcluster_controller.go:158.2,158.23 1 0
github.com/certainty3452/dbtether/controllers/dbcluster_controller.go:158.23,160.3 1 0
github.com/certainty3452/dbtether/controllers/dbcluster_controller.go:162.2,162.27 1 0
github.com/certainty3452/dbtether/controllers/dbcluster_controller.go:165.72,169.2 1 0
github.com/certainty3452/dbtether/pkg/storage/azure.go:32.103,33.19 1 0
github.com/certainty3452/dbtether/pkg/storage/azure.go:33.19,35.3 1 0
github.com/certainty3452/dbtether/pkg/storage/azure.go:41.2,42.16 2 0
github.com/certainty3452/dbtether/pkg/storage/azure.go:42.16,44.3 1 0
github.com/certainty3452/dbtether/pkg/storage/azure.go:46.2,48.16 3 0
github.com/certainty3452/dbtether/pkg/storage/azure.go:48.16,50.3 1 0
github.com/certainty3452/dbtether/pkg/storage/azure.go:52.2,56.8 1 0
[...]
github.com/certainty3452/dbtether/controllers/backup/restore_controller.go:263.25,265.3 1 1
github.com/certainty3452/dbtether/controllers/backup/restore_controller.go:267.2,267.73 1 1
github.com/certainty3452/dbtether/controllers/backup/restore_controller.go:277.25,323.2 6 0
github.com/certainty3452/dbtether/controllers/backup/restore_controller.go:331.19,341.46 2 1
github.com/certainty3452/dbtether/controllers/backup/restore_controller.go:341.46,366.3 1 1
github.com/certainty3452/dbtether/controllers/backup/restore_controller.go:369.2,369.28 1 1
github.com/certainty3452/dbtether/controllers/backup/restore_controller.go:369.28,375.37 2 1
github.com/certainty3452/dbtether/controllers/backup/restore_controller.go:375.37,377.4 1 0
github.com/certainty3452/dbtether/controllers/backup/restore_controller.go:380.2,380.29 1 1
github.com/certainty3452/dbtether/controllers/backup/restore_controller.go:380.29,385.37 2 1
github.com/certainty3452/dbtether/controllers/backup/restore_controller.go:385.37,387.4 1 1
github.com/certainty3452/dbtether/controllers/backup/restore_controller.go:390.2,390.31 1 1
github.com/certainty3452/dbtether/controllers/backup/restore_controller.go:390.31,396.3 1 1
github.com/certainty3452/dbtether/controllers/backup/restore_controller.go:398.2,398.12 1 1
github.com/certainty3452/dbtether/controllers/backup/restore_controller.go:401.139,406.23 2 0
github.com/certainty3452/dbtether/controllers/backup/restore_controller.go:406.23,407.29 1 0
github.com/certainty3452/dbtether/controllers/backup/restore_controller.go:407.29,410.4 1 0
github.com/certainty3452/dbtether/controllers/backup/restore_controller.go:411.3,411.28 1 0
github.com/certainty3452/dbtether/controllers/backup/restore_controller.go:414.2,414.58 1 0
github.com/certainty3452/dbtether/controllers/backup/restore_controller.go:417.160,420.30 2 0
github.com/certainty3452/dbtether/controllers/backup/restore_controller.go:420.30,422.38 2 0
github.com/certainty3452/dbtether/controllers/backup/restore_controller.go:422.38,424.4 1 0
github.com/certainty3452/dbtether/controllers/backup/restore_controller.go:425.3,426.67 2 0
github.com/certainty3452/dbtether/controllers/backup/restore_controller.go:429.2,429.27 1 0
github.com/certainty3452/dbtether/controllers/backup/restore_controller.go:429.27,432.62 2 0
github.com/certainty3452/dbtether/controllers/backup/restore_controller.go:432.62,434.4 1 0
github.com/certainty3452/dbtether/controllers/backup/restore_controller.go:435.3,436.67 2 0
github.com/certainty3452/dbtether/controllers/backup/restore_controller.go:440.2,440.57 1 0
github.com/certainty3452/dbtether/controllers/backup/restore_controller.go:443.95,447.17 2 0
github.com/certainty3452/dbtether/controllers/backup/restore_controller.go:447.17,449.3 1 0
github.com/certainty3452/dbtether/controllers/backup/restore_controller.go:451.2,451.28 1 0
github.com/certainty3452/dbtether/controllers/backup/restore_controller.go:451.28,452.57 1 0
github.com/certainty3452/dbtether/controllers/backup/restore_controller.go:452.57,454.70 2 0
github.com/certainty3452/dbtether/controllers/backup/restore_controller.go:454.70,456.5 1 0
github.com/certainty3452/dbtether/controllers/backup/restore_controller.go:459.2,459.11 1 0
github.com/certainty3452/dbtether/controllers/backup/restore_controller.go:462.122,465.66 2 0
github.com/certainty3452/dbtether/controllers/backup/restore_controller.go:465.66,467.3 1 0
github.com/certainty3452/dbtether/controllers/backup/restore_controller.go:470.2,470.34 1 0
github.com/certainty3452/dbtether/controllers/backup/restore_controller.go:470.34,480.45 3 0
github.com/certainty3452/dbtether/controllers/backup/restore_controller.go:480.45,482.4 1 0
github.com/certainty3452/dbtether/controllers/backup/restore_controller.go:483.3,483.80 1 0
github.com/certainty3452/dbtether/controllers/backup/restore_controller.go:486.2,487.47 2 0
github.com/certainty3452/dbtether/controllers/backup/restore_controller.go:487.47,489.3 1 0
github.com/certainty3452/dbtether/controllers/backup/restore_controller.go:491.2,491.27 1 0
github.com/certainty3452/dbtether/controllers/backup/restore_controller.go:498.24,506.59 6 0
github.com/certainty3452/dbtether/controllers/backup/restore_controller.go:506.59,509.3 2 0
github.com/certainty3452/dbtether/controllers/backup/restore_controller.go:511.2,511.62 1 0
github.com/certainty3452/dbtether/controllers/backup/restore_controller.go:511.62,513.3 1 0
github.com/certainty3452/dbtether/controllers/backup/restore_controller.go:515.2,515.23 1 0
github.com/certainty3452/dbtether/controllers/backup/restore_controller.go:515.23,517.3 1 0
github.com/certainty3452/dbtether/controllers/backup/restore_controller.go:518.2,518.57 1 0
github.com/certainty3452/dbtether/controllers/backup/restore_controller.go:525.24,539.62 11 0
github.com/certainty3452/dbtether/controllers/backup/restore_controller.go:539.62,541.3 1 0
github.com/certainty3452/dbtether/controllers/backup/restore_controller.go:543.2,543.57 1 0
github.com/certainty3452/dbtether/controllers/backup/restore_controller.go:550.24,562.62 9 0
github.com/certainty3452/dbtether/controllers/backup/restore_controller.go:562.62,564.3 1 0
github.com/certainty3452/dbtether/controllers/backup/restore_controller.go:566.2,566.27 1 0
github.com/certainty3452/dbtether/controllers/backup/restore_controller.go:569.88,573.2 3 1
github.com/certainty3452/dbtether/controllers/backup/restore_controller.go:575.70,580.2 1 0
github.com/certainty3452/dbtether/controllers/backup/schedule_controller.go:48.106,52.66 3 0
github.com/certainty3452/dbtether/controllers/backup/schedule_controller.go:52.66,54.3 1 0
github.com/certainty3452/dbtether/controllers/backup/schedule_controller.go:56.2,56.42 1 0
github.com/certainty3452/dbtether/controllers/backup/schedule_controller.go:56.42,58.3 1 0
github.com/certainty3452/dbtether/controllers/backup/schedule_controller.go:60.2,60.69 1 0
github.com/certainty3452/dbtether/controllers/backup/schedule_controller.go:60.69,62.3 1 0
github.com/certainty3452/dbtether/controllers/backup/schedule_controller.go:64.2,69.27 2 0
github.com/certainty3452/dbtether/controllers/backup/schedule_controller.go:69.27,71.3 1 0
github.com/certainty3452/dbtether/controllers/backup/schedule_controller.go:73.2,74.16 2 0
github.com/certainty3452/dbtether/controllers/backup/schedule_controller.go:74.16,77.3 2 0
github.com/certainty3452/dbtether/controllers/backup/schedule_controller.go:79.2,81.60 2 0
github.com/certainty3452/dbtether/controllers/backup/schedule_controller.go:81.60,83.3 1 0
github.com/certainty3452/dbtether/controllers/backup/schedule_controller.go:85.2,85.56 1 0
github.com/certainty3452/dbtether/controllers/backup/schedule_controller.go:88.136,89.71 1 0
github.com/certainty3452/dbtether/controllers/backup/schedule_controller.go:89.71,91.3 1 0
github.com/certainty3452/dbtether/controllers/backup/schedule_controller.go:92.2,93.48 2 0
github.com/certainty3452/dbtether/controllers/backup/schedule_controller.go:93.48,95.3 1 0
github.com/certainty3452/dbtether/controllers/backup/schedule_controller.go:96.2,96.41 1 0
github.com/certainty3452/dbtether/controllers/backup/schedule_controller.go:99.94,102.2 2 0
github.com/certainty3452/dbtether/controllers/backup/schedule_controller.go:104.126,106.43 2 1
github.com/certainty3452/dbtether/controllers/backup/schedule_controller.go:106.43,108.3 1 1
github.com/certainty3452/dbtether/controllers/backup/schedule_controller.go:108.8,110.3 1 1
github.com/certainty3452/dbtether/controllers/backup/schedule_controller.go:111.2,111.35 1 1
github.com/certainty3452/dbtether/controllers/backup/schedule_controller.go:120.24,126.118 4 0
github.com/certainty3452/dbtether/controllers/backup/schedule_controller.go:126.118,129.3 2 0
github.com/certainty3452/dbtether/controllers/backup/schedule_controller.go:131.2,134.16 3 0
github.com/certainty3452/dbtether/controllers/backup/schedule_controller.go:134.16,135.45 1 0
github.com/certainty3452/dbtether/controllers/backup/schedule_controller.go:135.45,138.4 2 0
github.com/certainty3452/dbtether/controllers/backup/schedule_controller.go:139.3,140.117 2 0
github.com/certainty3452/dbtether/controllers/backup/schedule_controller.go:143.2,144.72 2 0
github.com/certainty3452/dbtether/controllers/backup/schedule_controller.go:152.24,157.2 4 0
github.com/certainty3452/dbtether/controllers/backup/schedule_controller.go:164.24,166.22 2 0
github.com/certainty3452/dbtether/controllers/backup/schedule_controller.go:166.22,168.3 1 0
github.com/certainty3452/dbtether/controllers/backup/schedule_controller.go:170.2,173.96 3 0
github.com/certainty3452/dbtether/controllers/backup/schedule_controller.go:178.122,182.2 2 1
github.com/certainty3452/dbtether/controllers/backup/schedule_controller.go:184.150,201.42 2 0
github.com/certainty3452/dbtether/controllers/backup/schedule_controller.go:201.42,203.3 1 0
github.com/certainty3452/dbtether/controllers/backup/schedule_controller.go:206.2,206.90 1 0
github.com/certainty3452/dbtether/controllers/backup/schedule_controller.go:206.90,208.3 1 0
github.com/certainty3452/dbtether/controllers/backup/schedule_controller.go:210.2,210.46 1 0
github.com/certainty3452/dbtether/controllers/backup/schedule_controller.go:210.46,212.3 1 0
github.com/certainty3452/dbtether/controllers/backup/schedule_controller.go:214.2,214.20 1 0
github.com/certainty3452/dbtether/controllers/backup/schedule_controller.go:217.136,218.36 1 0
github.com/certainty3452/dbtether/controllers/backup/schedule_controller.go:218.36,220.3 1 0
github.com/certainty3452/dbtether/controllers/backup/schedule_controller.go:223.2,223.44 1 0
github.com/certainty3452/dbtether/controllers/backup/schedule_controller.go:223.44,226.3 2 0
github.com/certainty3452/dbtether/controllers/backup/schedule_controller.go:229.2,229.74 1 0
github.com/certainty3452/dbtether/controllers/backup/schedule_controller.go:229.74,232.3 2 0
github.com/certainty3452/dbtether/controllers/backup/schedule_controller.go:235.2,239.22 2 0
github.com/certainty3452/dbtether/controllers/backup/schedule_controller.go:239.22,240.30 1 0
github.com/certainty3452/dbtether/controllers/backup/schedule_controller.go:240.30,242.4 1 0
github.com/certainty3452/dbtether/controllers/backup/schedule_controller.go:243.3,243.9 1 0
github.com/certainty3452/dbtether/controllers/backup/schedule_controller.go:247.2,248.98 2 0
github.com/certainty3452/dbtether/controllers/backup/schedule_controller.go:248.98,249.30 1 0
github.com/certainty3452/dbtether/controllers/backup/schedule_controller.go:249.30,251.4 1 0
github.com/certainty3452/dbtether/controllers/backup/schedule_controller.go:252.3,252.9 1 0
github.com/certainty3452/dbtether/controllers/backup/schedule_controller.go:256.2,257.110 2 0
github.com/certainty3452/dbtether/controllers/backup/schedule_controller.go:257.110,258.30 1 0
github.com/certainty3452/dbtether/controllers/backup/schedule_controller.go:258.30,260.4 1 0
github.com/certainty3452/dbtether/controllers/backup/schedule_controller.go:261.3,261.9 1 0
github.com/certainty3452/dbtether/controllers/backup/schedule_controller.go:265.2,265.34 1 0
github.com/certainty3452/dbtether/controllers/backup/schedule_controller.go:265.34,268.3 2 0
github.com/certainty3452/dbtether/controllers/backup/schedule_controller.go:271.2,279.16 3 0
github.com/certainty3452/dbtether/controllers/backup/schedule_controller.go:279.16,282.3 2 0
github.com/certainty3452/dbtether/controllers/backup/schedule_controller.go:285.2,286.16 2 0
github.com/certainty3452/dbtether/controllers/backup/schedule_controller.go:286.16,289.3 2 0
github.com/certainty3452/dbtether/controllers/backup/schedule_controller.go:292.2,294.16 3 0
github.com/certainty3452/dbtether/controllers/backup/schedule_controller.go:294.16,297.3 2 0
github.com/certainty3452/dbtether/controllers/backup/schedule_controller.go:299.2,299.24 1 0
github.com/certainty3452/dbtether/controllers/backup/schedule_controller.go:299.24,301.3 1 0
github.com/certainty3452/dbtether/controllers/backup/schedule_controller.go:301.8,303.79 1 0
github.com/certainty3452/dbtether/controllers/backup/schedule_controller.go:303.79,305.4 1 0
github.com/certainty3452/dbtether/controllers/backup/schedule_controller.go:309.2,309.41 1 0
github.com/certainty3452/dbtether/controllers/backup/schedule_controller.go:313.134,314.36 1 0
github.com/certainty3452/dbtether/controllers/backup/schedule_controller.go:314.36,316.3 1 0
github.com/certainty3452/dbtether/controllers/backup/schedule_controller.go:319.2,323.16 2 0
github.com/certainty3452/dbtether/controllers/backup/schedule_controller.go:323.16,326.3 2 0
github.com/certainty3452/dbtether/controllers/backup/schedule_controller.go:328.2,328.29 1 0
github.com/certainty3452/dbtether/controllers/backup/schedule_controller.go:328.29,330.3 1 0
github.com/certainty3452/dbtether/controllers/backup/schedule_controller.go:333.2,333.48 1 0
github.com/certainty3452/dbtether/controllers/backup/schedule_controller.go:333.48,335.3 1 0
github.com/certainty3452/dbtether/controllers/backup/schedule_controller.go:338.2,339.86 2 0
github.com/certainty3452/dbtether/controllers/backup/schedule_controller.go:339.86,341.3 1 0
github.com/certainty3452/dbtether/controllers/backup/schedule_controller.go:344.2,344.20 1 0
github.com/certainty3452/dbtether/controllers/backup/schedule_controller.go:344.20,347.3 2 0
github.com/certainty3452/dbtether/controllers/backup/schedule_controller.go:350.2,351.50 2 0
github.com/certainty3452/dbtether/controllers/backup/schedule_controller.go:351.50,355.76 2 0
github.com/certainty3452/dbtether/controllers/backup/schedule_controller.go:355.76,356.12 1 0
github.com/certainty3452/dbtether/controllers/backup/schedule_controller.go:359.3,359.47 1 0
github.com/certainty3452/dbtether/controllers/backup/schedule_controller.go:359.47,360.31 1 0
github.com/certainty3452/dbtether/controllers/backup/schedule_controller.go:360.31,365.5 1 0
github.com/certainty3452/dbtether/controllers/backup/schedule_controller.go:366.9,369.4 2 0
github.com/certainty3452/dbtether/controllers/backup/schedule_controller.go:372.2,372.17 1 0
github.com/certainty3452/dbtether/controllers/backup/schedule_controller.go:372.17,378.3 1 0
github.com/certainty3452/dbtether/controllers/backup/schedule_controller.go:382.102,383.33 1 1
github.com/certainty3452/dbtether/controllers/backup/schedule_controller.go:383.33,385.3 1 1
github.com/certainty3452/dbtether/controllers/backup/schedule_controller.go:387.2,388.9 2 1
github.com/certainty3452/dbtether/controllers/backup/schedule_controller.go:388.9,390.3 1 1
github.com/certainty3452/dbtether/controllers/backup/schedule_controller.go:392.2,393.16 2 1
github.com/certainty3452/dbtether/controllers/backup/schedule_controller.go:393.16,395.3 1 1
github.com/certainty3452/dbtether/controllers/backup/schedule_controller.go:397.2,397.60 1 1
github.com/certainty3452/dbtether/controllers/backup/schedule_controller.go:401.131,404.83 2 0
github.com/certainty3452/dbtether/controllers/backup/schedule_controller.go:404.83,406.3 1 0
github.com/certainty3452/dbtether/controllers/backup/schedule_controller.go:409.2,409.44 1 0
github.com/certainty3452/dbtether/controllers/backup/schedule_controller.go:409.44,411.3 1 0
github.com/certainty3452/dbtether/controllers/backup/schedule_controller.go:413.2,415.32 2 0
github.com/certainty3452/dbtether/controllers/backup/schedule_controller.go:415.32,417.3 1 0
github.com/certainty3452/dbtether/controllers/backup/schedule_controller.go:418.2,420.38 2 0
github.com/certainty3452/dbtether/controllers/backup/schedule_controller.go:428.19,430.24 2 1
github.com/certainty3452/dbtether/controllers/backup/schedule_controller.go:430.24,433.3 1 1
github.com/certainty3452/dbtether/controllers/backup/schedule_controller.go:435.2,436.16 2 1
github.com/certainty3452/dbtether/controllers/backup/schedule_controller.go:436.16,438.3 1 1
github.com/certainty3452/dbtether/controllers/backup/schedule_controller.go:440.2,446.49 3 1
github.com/certainty3452/dbtether/controllers/backup/schedule_controller.go:446.49,448.3 1 0
github.com/certainty3452/dbtether/controllers/backup/schedule_controller.go:450.2,450.26 1 1
github.com/certainty3452/dbtether/controllers/backup/schedule_controller.go:453.128,454.71 1 0
github.com/certainty3452/dbtether/controllers/backup/schedule_controller.go:454.71,460.17 2 0
github.com/certainty3452/dbtether/controllers/backup/schedule_controller.go:460.17,462.4 1 0
github.com/certainty3452/dbtether/controllers/backup/schedule_controller.go:464.3,464.32 1 0
github.com/certainty3452/dbtether/controllers/backup/schedule_controller.go:464.32,465.59 1 0
github.com/certainty3452/dbtether/controllers/backup/schedule_controller.go:465.59,470.5 1 0
github.com/certainty3452/dbtether/controllers/backup/schedule_controller.go:474.3,475.49 2 0
github.com/certainty3452/dbtether/controllers/backup/schedule_controller.go:475.49,477.4 1 0
github.com/certainty3452/dbtether/controllers/backup/schedule_controller.go:480.2,480.27 1 0
github.com/certainty3452/dbtether/controllers/backup/schedule_controller.go:488.24,490.2 1 0
github.com/certainty3452/dbtether/controllers/backup/schedule_controller.go:498.24,505.27 5 0
github.com/certainty3452/dbtether/controllers/backup/schedule_controller.go:505.27,507.3 1 0
github.com/certainty3452/dbtether/controllers/backup/schedule_controller.go:508.2,508.30 1 0
github.com/certainty3452/dbtether/controllers/backup/schedule_controller.go:508.30,510.3 1 0
github.com/certainty3452/dbtether/controllers/backup/schedule_controller.go:512.2,512.63 1 0
github.com/certainty3452/dbtether/controllers/backup/schedule_controller.go:512.63,514.3 1 0
github.com/certainty3452/dbtether/controllers/backup/schedule_controller.go:516.2,516.22 1 0
github.com/certainty3452/dbtether/controllers/backup/schedule_controller.go:516.22,518.3 1 0
github.com/certainty3452/dbtether/controllers/backup/schedule_controller.go:519.2,519.27 1 0
github.com/certainty3452/dbtether/controllers/backup/schedule_controller.go:522.77,527.2 1 0
github.com/certainty3452/dbtether/controllers/backup/storage_controller.go:28.105,32.65 3 0
github.com/certainty3452/dbtether/controllers/backup/storage_controller.go:32.65,34.3 1 0
github.com/certainty3452/dbtether/controllers/backup/storage_controller.go:36.2,38.52 2 0
github.com/certainty3452/dbtether/controllers/backup/storage_controller.go:38.52,41.3 2 0
github.com/certainty3452/dbtether/controllers/backup/storage_controller.go:43.2,44.81 2 0
github.com/certainty3452/dbtether/controllers/backup/storage_controller.go:47.99,49.28 2 1
github.com/certainty3452/dbtether/controllers/backup/storage_controller.go:49.28,51.3 1 1
github.com/certainty3452/dbtether/controllers/backup/storage_controller.go:52.2,52.29 1 1
github.com/certainty3452/dbtether/controllers/backup/storage_controller.go:52.29,54.3 1 1
github.com/certainty3452/dbtether/controllers/backup/storage_controller.go:55.2,55.31 1 1
github.com/certainty3452/dbtether/controllers/backup/storage_controller.go:55.31,57.3 1 1
github.com/certainty3452/dbtether/controllers/backup/storage_controller.go:59.2,59.20 1 1
github.com/certainty3452/dbtether/controllers/backup/storage_controller.go:59.20,61.3 1 1
github.com/certainty3452/dbtether/controllers/backup/storage_controller.go:62.2,62.19 1 1
github.com/certainty3452/dbtether/controllers/backup/storage_controller.go:62.19,64.3 1 1
github.com/certainty3452/dbtether/controllers/backup/storage_controller.go:66.2,66.12 1 1
github.com/certainty3452/dbtether/controllers/backup/storage_controller.go:70.46,81.62 8 0
github.com/certainty3452/dbtether/controllers/backup/storage_controller.go:81.62,83.3 1 0
github.com/certainty3452/dbtether/controllers/backup/storage_controller.go:85.2,85.23 1 0
github.com/certainty3452/dbtether/controllers/backup/storage_controller.go:85.23,87.3 1 0
github.com/certainty3452/dbtether/controllers/backup/storage_controller.go:89.2,89.66 1 0
github.com/certainty3452/dbtether/controllers/backup/storage_controller.go:92.76,96.2 1 0
